{"/Users/hu84jr/git/lion3/packages/providence/src/program/providence.js":{"path":"/Users/hu84jr/git/lion3/packages/providence/src/program/providence.js","statementMap":{"0":{"start":{"line":1,"column":18},"end":{"line":1,"column":38}},"1":{"start":{"line":2,"column":26},"end":{"line":2,"column":64}},"2":{"start":{"line":3,"column":29},"end":{"line":3,"column":70}},"3":{"start":{"line":4,"column":23},"end":{"line":4,"column":58}},"4":{"start":{"line":5,"column":25},"end":{"line":5,"column":62}},"5":{"start":{"line":6,"column":21},"end":{"line":6,"column":60}},"6":{"start":{"line":11,"column":30},"end":{"line":11,"column":74}},"7":{"start":{"line":13,"column":2},"end":{"line":26,"column":5}},"8":{"start":{"line":14,"column":28},"end":{"line":14,"column":69}},"9":{"start":{"line":16,"column":4},"end":{"line":25,"column":5}},"10":{"start":{"line":17,"column":53},"end":{"line":17,"column":96}},"11":{"start":{"line":21,"column":22},"end":{"line":21,"column":48}},"12":{"start":{"line":23,"column":6},"end":{"line":23,"column":79}},"13":{"start":{"line":24,"column":6},"end":{"line":24,"column":18}},"14":{"start":{"line":30,"column":2},"end":{"line":33,"column":3}},"15":{"start":{"line":31,"column":27},"end":{"line":31,"column":56}},"16":{"start":{"line":32,"column":4},"end":{"line":32,"column":71}},"17":{"start":{"line":43,"column":2},"end":{"line":54,"column":4}},"18":{"start":{"line":63,"column":22},"end":{"line":67,"column":4}},"19":{"start":{"line":68,"column":2},"end":{"line":70,"column":3}},"20":{"start":{"line":69,"column":4},"end":{"line":69,"column":29}},"21":{"start":{"line":71,"column":2},"end":{"line":71,"column":21}},"22":{"start":{"line":94,"column":23},"end":{"line":94,"column":25}},"23":{"start":{"line":95,"column":56},"end":{"line":95,"column":59}},"24":{"start":{"line":97,"column":2},"end":{"line":124,"column":5}},"25":{"start":{"line":98,"column":4},"end":{"line":123,"column":5}},"26":{"start":{"line":99,"column":6},"end":{"line":111,"column":9}},"27":{"start":{"line":101,"column":34},"end":{"line":101,"column":93}},"28":{"start":{"line":102,"column":28},"end":{"line":102,"column":87}},"29":{"start":{"line":103,"column":8},"end":{"line":103,"column":39}},"30":{"start":{"line":104,"column":8},"end":{"line":110,"column":9}},"31":{"start":{"line":105,"column":10},"end":{"line":109,"column":13}},"32":{"start":{"line":113,"column":32},"end":{"line":113,"column":86}},"33":{"start":{"line":114,"column":26},"end":{"line":114,"column":85}},"34":{"start":{"line":115,"column":6},"end":{"line":115,"column":37}},"35":{"start":{"line":116,"column":6},"end":{"line":122,"column":7}},"36":{"start":{"line":117,"column":8},"end":{"line":121,"column":11}},"37":{"start":{"line":125,"column":2},"end":{"line":125,"column":22}},"38":{"start":{"line":129,"column":2},"end":{"line":135,"column":3}},"39":{"start":{"line":130,"column":24},"end":{"line":133,"column":6}},"40":{"start":{"line":134,"column":4},"end":{"line":134,"column":23}},"41":{"start":{"line":136,"column":2},"end":{"line":136,"column":19}},"42":{"start":{"line":140,"column":2},"end":{"line":146,"column":3}},"43":{"start":{"line":141,"column":24},"end":{"line":144,"column":6}},"44":{"start":{"line":145,"column":4},"end":{"line":145,"column":23}},"45":{"start":{"line":147,"column":2},"end":{"line":147,"column":19}},"46":{"start":{"line":167,"column":14},"end":{"line":184,"column":3}},"47":{"start":{"line":186,"column":2},"end":{"line":188,"column":3}},"48":{"start":{"line":187,"column":4},"end":{"line":187,"column":35}},"49":{"start":{"line":190,"column":2},"end":{"line":192,"column":3}},"50":{"start":{"line":191,"column":4},"end":{"line":191,"column":71}},"51":{"start":{"line":195,"column":2},"end":{"line":210,"column":3}},"52":{"start":{"line":196,"column":4},"end":{"line":196,"column":58}},"53":{"start":{"line":198,"column":22},"end":{"line":201,"column":5}},"54":{"start":{"line":203,"column":4},"end":{"line":209,"column":5}},"55":{"start":{"line":204,"column":6},"end":{"line":204,"column":70}},"56":{"start":{"line":205,"column":6},"end":{"line":205,"column":32}},"57":{"start":{"line":206,"column":11},"end":{"line":209,"column":5}},"58":{"start":{"line":207,"column":6},"end":{"line":207,"column":74}},"59":{"start":{"line":208,"column":6},"end":{"line":208,"column":32}},"60":{"start":{"line":212,"column":2},"end":{"line":214,"column":3}},"61":{"start":{"line":213,"column":4},"end":{"line":213,"column":30}},"62":{"start":{"line":216,"column":2},"end":{"line":216,"column":22}},"63":{"start":{"line":219,"column":0},"end":{"line":221,"column":2}}},"fnMap":{"0":{"name":"addToSearchTargetDepsFile","decl":{"start":{"line":10,"column":9},"end":{"line":10,"column":34}},"loc":{"start":{"line":10,"column":83},"end":{"line":27,"column":1}},"line":10},"1":{"name":"(anonymous_1)","decl":{"start":{"line":13,"column":47},"end":{"line":13,"column":48}},"loc":{"start":{"line":13,"column":59},"end":{"line":26,"column":3}},"line":13},"2":{"name":"report","decl":{"start":{"line":29,"column":9},"end":{"line":29,"column":15}},"loc":{"start":{"line":29,"column":34},"end":{"line":34,"column":1}},"line":29},"3":{"name":"getSlicedQueryConfig","decl":{"start":{"line":42,"column":9},"end":{"line":42,"column":29}},"loc":{"start":{"line":42,"column":84},"end":{"line":55,"column":1}},"line":42},"4":{"name":"handleAnalyzerForProjectCombo","decl":{"start":{"line":62,"column":15},"end":{"line":62,"column":44}},"loc":{"start":{"line":62,"column":65},"end":{"line":72,"column":1}},"line":62},"5":{"name":"handleAnalyzer","decl":{"start":{"line":93,"column":15},"end":{"line":93,"column":29}},"loc":{"start":{"line":93,"column":48},"end":{"line":126,"column":1}},"line":93},"6":{"name":"(anonymous_6)","decl":{"start":{"line":97,"column":37},"end":{"line":97,"column":38}},"loc":{"start":{"line":97,"column":66},"end":{"line":124,"column":3}},"line":97},"7":{"name":"(anonymous_7)","decl":{"start":{"line":99,"column":44},"end":{"line":99,"column":45}},"loc":{"start":{"line":99,"column":57},"end":{"line":111,"column":7}},"line":99},"8":{"name":"handleFeature","decl":{"start":{"line":128,"column":15},"end":{"line":128,"column":28}},"loc":{"start":{"line":128,"column":58},"end":{"line":137,"column":1}},"line":128},"9":{"name":"handleRegexSearch","decl":{"start":{"line":139,"column":15},"end":{"line":139,"column":32}},"loc":{"start":{"line":139,"column":62},"end":{"line":148,"column":1}},"line":139},"10":{"name":"providenceMain","decl":{"start":{"line":166,"column":15},"end":{"line":166,"column":29}},"loc":{"start":{"line":166,"column":57},"end":{"line":217,"column":1}},"line":166}},"branchMap":{"0":{"loc":{"start":{"line":16,"column":4},"end":{"line":25,"column":5}},"type":"if","locations":[{"start":{"line":16,"column":4},"end":{"line":25,"column":5}},{"start":{"line":16,"column":4},"end":{"line":25,"column":5}}],"line":16},"1":{"loc":{"start":{"line":30,"column":2},"end":{"line":33,"column":3}},"type":"if","locations":[{"start":{"line":30,"column":2},"end":{"line":33,"column":3}},{"start":{"line":30,"column":2},"end":{"line":33,"column":3}}],"line":30},"2":{"loc":{"start":{"line":30,"column":6},"end":{"line":30,"column":62}},"type":"binary-expr","locations":[{"start":{"line":30,"column":6},"end":{"line":30,"column":16}},{"start":{"line":30,"column":20},"end":{"line":30,"column":62}}],"line":30},"3":{"loc":{"start":{"line":49,"column":14},"end":{"line":49,"column":66}},"type":"cond-expr","locations":[{"start":{"line":49,"column":37},"end":{"line":49,"column":61}},{"start":{"line":49,"column":64},"end":{"line":49,"column":66}}],"line":49},"4":{"loc":{"start":{"line":68,"column":2},"end":{"line":70,"column":3}},"type":"if","locations":[{"start":{"line":68,"column":2},"end":{"line":70,"column":3}},{"start":{"line":68,"column":2},"end":{"line":70,"column":3}}],"line":68},"5":{"loc":{"start":{"line":98,"column":4},"end":{"line":123,"column":5}},"type":"if","locations":[{"start":{"line":98,"column":4},"end":{"line":123,"column":5}},{"start":{"line":98,"column":4},"end":{"line":123,"column":5}}],"line":98},"6":{"loc":{"start":{"line":104,"column":8},"end":{"line":110,"column":9}},"type":"if","locations":[{"start":{"line":104,"column":8},"end":{"line":110,"column":9}},{"start":{"line":104,"column":8},"end":{"line":110,"column":9}}],"line":104},"7":{"loc":{"start":{"line":116,"column":6},"end":{"line":122,"column":7}},"type":"if","locations":[{"start":{"line":116,"column":6},"end":{"line":122,"column":7}},{"start":{"line":116,"column":6},"end":{"line":122,"column":7}}],"line":116},"8":{"loc":{"start":{"line":129,"column":2},"end":{"line":135,"column":3}},"type":"if","locations":[{"start":{"line":129,"column":2},"end":{"line":135,"column":3}},{"start":{"line":129,"column":2},"end":{"line":135,"column":3}}],"line":129},"9":{"loc":{"start":{"line":140,"column":2},"end":{"line":146,"column":3}},"type":"if","locations":[{"start":{"line":140,"column":2},"end":{"line":146,"column":3}},{"start":{"line":140,"column":2},"end":{"line":146,"column":3}}],"line":140},"10":{"loc":{"start":{"line":186,"column":2},"end":{"line":188,"column":3}},"type":"if","locations":[{"start":{"line":186,"column":2},"end":{"line":188,"column":3}},{"start":{"line":186,"column":2},"end":{"line":188,"column":3}}],"line":186},"11":{"loc":{"start":{"line":190,"column":2},"end":{"line":192,"column":3}},"type":"if","locations":[{"start":{"line":190,"column":2},"end":{"line":192,"column":3}},{"start":{"line":190,"column":2},"end":{"line":192,"column":3}}],"line":190},"12":{"loc":{"start":{"line":195,"column":2},"end":{"line":210,"column":3}},"type":"if","locations":[{"start":{"line":195,"column":2},"end":{"line":210,"column":3}},{"start":{"line":195,"column":2},"end":{"line":210,"column":3}}],"line":195},"13":{"loc":{"start":{"line":203,"column":4},"end":{"line":209,"column":5}},"type":"if","locations":[{"start":{"line":203,"column":4},"end":{"line":209,"column":5}},{"start":{"line":203,"column":4},"end":{"line":209,"column":5}}],"line":203},"14":{"loc":{"start":{"line":206,"column":11},"end":{"line":209,"column":5}},"type":"if","locations":[{"start":{"line":206,"column":11},"end":{"line":209,"column":5}},{"start":{"line":206,"column":11},"end":{"line":209,"column":5}}],"line":206},"15":{"loc":{"start":{"line":212,"column":2},"end":{"line":214,"column":3}},"type":"if","locations":[{"start":{"line":212,"column":2},"end":{"line":214,"column":3}},{"start":{"line":212,"column":2},"end":{"line":214,"column":3}}],"line":212}},"s":{"0":1,"1":1,"2":1,"3":1,"4":1,"5":1,"6":0,"7":0,"8":0,"9":0,"10":0,"11":0,"12":0,"13":0,"14":58,"15":58,"16":58,"17":58,"18":58,"19":58,"20":58,"21":58,"22":58,"23":58,"24":58,"25":58,"26":19,"27":19,"28":19,"29":19,"30":19,"31":0,"32":39,"33":39,"34":39,"35":39,"36":0,"37":58,"38":0,"39":0,"40":0,"41":0,"42":0,"43":0,"44":0,"45":0,"46":58,"47":58,"48":0,"49":58,"50":19,"51":58,"52":58,"53":0,"54":0,"55":0,"56":0,"57":0,"58":0,"59":0,"60":58,"61":0,"62":58,"63":1},"f":{"0":0,"1":0,"2":58,"3":58,"4":58,"5":58,"6":58,"7":19,"8":0,"9":0,"10":58},"b":{"0":[0,0],"1":[58,0],"2":[58,58],"3":[19,39],"4":[58,0],"5":[19,39],"6":[0,19],"7":[0,39],"8":[0,0],"9":[0,0],"10":[0,58],"11":[19,39],"12":[58,0],"13":[0,0],"14":[0,0],"15":[0,58]},"_coverageSchema":"1a1c01bbd47fc00a2c39e90264f33305004495a9","hash":"7159f9b0596811d28357c778a10c628b967b3406","contentHash":"64bb48be1b02374095baafac87e57b4afe71dda39c55a6383b56b6be850b3596"},"/Users/hu84jr/git/lion3/packages/providence/src/program/services/ReportService.js":{"path":"/Users/hu84jr/git/lion3/packages/providence/src/program/services/ReportService.js","statementMap":{"0":{"start":{"line":2,"column":0},"end":{"line":2,"column":29}},"1":{"start":{"line":4,"column":11},"end":{"line":4,"column":24}},"2":{"start":{"line":5,"column":16},"end":{"line":5,"column":31}},"3":{"start":{"line":6,"column":16},"end":{"line":6,"column":47}},"4":{"start":{"line":18,"column":17},"end":{"line":19,"column":94}},"5":{"start":{"line":19,"column":4},"end":{"line":19,"column":94}},"6":{"start":{"line":20,"column":18},"end":{"line":20,"column":30}},"7":{"start":{"line":21,"column":2},"end":{"line":21,"column":77}},"8":{"start":{"line":32,"column":4},"end":{"line":32,"column":39}},"9":{"start":{"line":33,"column":4},"end":{"line":33,"column":59}},"10":{"start":{"line":34,"column":4},"end":{"line":34,"column":42}},"11":{"start":{"line":35,"column":4},"end":{"line":35,"column":66}},"12":{"start":{"line":36,"column":4},"end":{"line":36,"column":64}},"13":{"start":{"line":52,"column":19},"end":{"line":52,"column":55}},"14":{"start":{"line":53,"column":4},"end":{"line":55,"column":5}},"15":{"start":{"line":54,"column":6},"end":{"line":54,"column":31}},"16":{"start":{"line":56,"column":21},"end":{"line":56,"column":50}},"17":{"start":{"line":57,"column":21},"end":{"line":57,"column":69}},"18":{"start":{"line":58,"column":4},"end":{"line":58,"column":54}},"19":{"start":{"line":62,"column":4},"end":{"line":62,"column":26}},"20":{"start":{"line":66,"column":4},"end":{"line":66,"column":82}},"21":{"start":{"line":70,"column":4},"end":{"line":70,"column":83}},"22":{"start":{"line":75,"column":4},"end":{"line":80,"column":18}},"23":{"start":{"line":76,"column":6},"end":{"line":78,"column":8}},"24":{"start":{"line":81,"column":4},"end":{"line":81,"column":24}},"25":{"start":{"line":85,"column":4},"end":{"line":85,"column":84}},"26":{"start":{"line":89,"column":21},"end":{"line":89,"column":73}},"27":{"start":{"line":90,"column":21},"end":{"line":90,"column":82}},"28":{"start":{"line":91,"column":15},"end":{"line":91,"column":17}},"29":{"start":{"line":92,"column":4},"end":{"line":95,"column":18}},"30":{"start":{"line":93,"column":6},"end":{"line":93,"column":60}},"31":{"start":{"line":96,"column":17},"end":{"line":96,"column":53}},"32":{"start":{"line":97,"column":4},"end":{"line":97,"column":40}},"33":{"start":{"line":98,"column":4},"end":{"line":98,"column":77}},"34":{"start":{"line":102,"column":0},"end":{"line":102,"column":35}}},"fnMap":{"0":{"name":"createResultIdentifier","decl":{"start":{"line":16,"column":9},"end":{"line":16,"column":31}},"loc":{"start":{"line":16,"column":52},"end":{"line":22,"column":1}},"line":16},"1":{"name":"(anonymous_1)","decl":{"start":{"line":18,"column":17},"end":{"line":18,"column":18}},"loc":{"start":{"line":19,"column":4},"end":{"line":19,"column":94}},"line":19},"2":{"name":"(anonymous_2)","decl":{"start":{"line":30,"column":2},"end":{"line":30,"column":3}},"loc":{"start":{"line":30,"column":37},"end":{"line":38,"column":3}},"line":30},"3":{"name":"(anonymous_3)","decl":{"start":{"line":47,"column":2},"end":{"line":47,"column":3}},"loc":{"start":{"line":51,"column":4},"end":{"line":59,"column":3}},"line":51},"4":{"name":"(anonymous_4)","decl":{"start":{"line":61,"column":2},"end":{"line":61,"column":3}},"loc":{"start":{"line":61,"column":27},"end":{"line":63,"column":3}},"line":61},"5":{"name":"(anonymous_5)","decl":{"start":{"line":65,"column":2},"end":{"line":65,"column":3}},"loc":{"start":{"line":65,"column":26},"end":{"line":67,"column":3}},"line":65},"6":{"name":"(anonymous_6)","decl":{"start":{"line":69,"column":2},"end":{"line":69,"column":3}},"loc":{"start":{"line":69,"column":79},"end":{"line":71,"column":3}},"line":69},"7":{"name":"(anonymous_7)","decl":{"start":{"line":73,"column":2},"end":{"line":73,"column":3}},"loc":{"start":{"line":73,"column":55},"end":{"line":82,"column":3}},"line":73},"8":{"name":"(anonymous_8)","decl":{"start":{"line":84,"column":2},"end":{"line":84,"column":3}},"loc":{"start":{"line":84,"column":53},"end":{"line":86,"column":3}},"line":84},"9":{"name":"(anonymous_9)","decl":{"start":{"line":88,"column":2},"end":{"line":88,"column":3}},"loc":{"start":{"line":88,"column":68},"end":{"line":99,"column":3}},"line":88}},"branchMap":{"0":{"loc":{"start":{"line":19,"column":37},"end":{"line":19,"column":92}},"type":"binary-expr","locations":[{"start":{"line":19,"column":37},"end":{"line":19,"column":46}},{"start":{"line":19,"column":51},"end":{"line":19,"column":63}},{"start":{"line":19,"column":67},"end":{"line":19,"column":91}}],"line":19},"1":{"loc":{"start":{"line":21,"column":30},"end":{"line":21,"column":62}},"type":"cond-expr","locations":[{"start":{"line":21,"column":37},"end":{"line":21,"column":57}},{"start":{"line":21,"column":60},"end":{"line":21,"column":62}}],"line":21},"2":{"loc":{"start":{"line":49,"column":4},"end":{"line":49,"column":44}},"type":"default-arg","locations":[{"start":{"line":49,"column":17},"end":{"line":49,"column":44}}],"line":49},"3":{"loc":{"start":{"line":50,"column":4},"end":{"line":50,"column":32}},"type":"default-arg","locations":[{"start":{"line":50,"column":17},"end":{"line":50,"column":32}}],"line":50},"4":{"loc":{"start":{"line":53,"column":4},"end":{"line":55,"column":5}},"type":"if","locations":[{"start":{"line":53,"column":4},"end":{"line":55,"column":5}},{"start":{"line":53,"column":4},"end":{"line":55,"column":5}}],"line":53},"5":{"loc":{"start":{"line":66,"column":11},"end":{"line":66,"column":81}},"type":"binary-expr","locations":[{"start":{"line":66,"column":11},"end":{"line":66,"column":28}},{"start":{"line":66,"column":32},"end":{"line":66,"column":81}}],"line":66},"6":{"loc":{"start":{"line":85,"column":44},"end":{"line":85,"column":59}},"type":"binary-expr","locations":[{"start":{"line":85,"column":44},"end":{"line":85,"column":48}},{"start":{"line":85,"column":52},"end":{"line":85,"column":59}}],"line":85},"7":{"loc":{"start":{"line":96,"column":22},"end":{"line":96,"column":42}},"type":"binary-expr","locations":[{"start":{"line":96,"column":22},"end":{"line":96,"column":36}},{"start":{"line":96,"column":40},"end":{"line":96,"column":42}}],"line":96}},"s":{"0":1,"1":1,"2":1,"3":1,"4":176,"5":208,"6":176,"7":176,"8":0,"9":0,"10":0,"11":0,"12":0,"13":0,"14":0,"15":0,"16":0,"17":0,"18":0,"19":0,"20":176,"21":176,"22":176,"23":176,"24":176,"25":176,"26":0,"27":0,"28":0,"29":0,"30":0,"31":0,"32":0,"33":0,"34":1},"f":{"0":176,"1":208,"2":0,"3":0,"4":0,"5":176,"6":176,"7":176,"8":176,"9":0},"b":{"0":[208,5,5],"1":[32,144],"2":[0],"3":[0],"4":[0,0],"5":[176,176],"6":[176,0],"7":[0,0]},"_coverageSchema":"1a1c01bbd47fc00a2c39e90264f33305004495a9","hash":"c215796c5bffb52a310da577f9e2e8b2d89855f7","contentHash":"09d76ff6f5a24fcc6f12a5745024b5a23fef55a4de5e923d786946a7c2aee21b"},"/Users/hu84jr/git/lion3/packages/providence/src/program/types/index.js":{"path":"/Users/hu84jr/git/lion3/packages/providence/src/program/types/index.js","statementMap":{},"fnMap":{},"branchMap":{},"s":{},"f":{},"b":{},"_coverageSchema":"1a1c01bbd47fc00a2c39e90264f33305004495a9","hash":"03d12dd2765af0f21770126556aa20ec92484d95","contentHash":"2d7bee38461c16e1ae4d147d42f039a058cc90446757f1596123f77f6c8c227d"},"/Users/hu84jr/git/lion3/packages/providence/src/program/utils/get-hash.js":{"path":"/Users/hu84jr/git/lion3/packages/providence/src/program/utils/get-hash.js","statementMap":{"0":{"start":{"line":7,"column":2},"end":{"line":10,"column":3}},"1":{"start":{"line":9,"column":4},"end":{"line":9,"column":44}},"2":{"start":{"line":11,"column":2},"end":{"line":16,"column":4}},"3":{"start":{"line":14,"column":6},"end":{"line":14,"column":62}},"4":{"start":{"line":19,"column":0},"end":{"line":19,"column":25}}},"fnMap":{"0":{"name":"getHash","decl":{"start":{"line":6,"column":9},"end":{"line":6,"column":16}},"loc":{"start":{"line":6,"column":29},"end":{"line":17,"column":1}},"line":6},"1":{"name":"(anonymous_1)","decl":{"start":{"line":12,"column":4},"end":{"line":12,"column":5}},"loc":{"start":{"line":14,"column":6},"end":{"line":14,"column":62}},"line":14}},"branchMap":{"0":{"loc":{"start":{"line":7,"column":2},"end":{"line":10,"column":3}},"type":"if","locations":[{"start":{"line":7,"column":2},"end":{"line":10,"column":3}},{"start":{"line":7,"column":2},"end":{"line":10,"column":3}}],"line":7}},"s":{"0":176,"1":176,"2":176,"3":14776,"4":1},"f":{"0":176,"1":14776},"b":{"0":[176,0]},"_coverageSchema":"1a1c01bbd47fc00a2c39e90264f33305004495a9","hash":"ffbadada87d765fac0064111573123b5f5b9a481","contentHash":"d763ea4257f1008c2d2c6a247074ce940ef92ff5e3010f5c1033c3787853e760"},"/Users/hu84jr/git/lion3/packages/providence/src/program/services/InputDataService.js":{"path":"/Users/hu84jr/git/lion3/packages/providence/src/program/services/InputDataService.js","statementMap":{"0":{"start":{"line":3,"column":0},"end":{"line":3,"column":29}},"1":{"start":{"line":5,"column":11},"end":{"line":5,"column":24}},"2":{"start":{"line":6,"column":16},"end":{"line":6,"column":31}},"3":{"start":{"line":7,"column":22},"end":{"line":7,"column":46}},"4":{"start":{"line":8,"column":13},"end":{"line":8,"column":28}},"5":{"start":{"line":9,"column":23},"end":{"line":9,"column":49}},"6":{"start":{"line":10,"column":23},"end":{"line":10,"column":49}},"7":{"start":{"line":11,"column":40},"end":{"line":11,"column":95}},"8":{"start":{"line":19,"column":2},"end":{"line":19,"column":36}},"9":{"start":{"line":23,"column":2},"end":{"line":23,"column":35}},"10":{"start":{"line":24,"column":14},"end":{"line":24,"column":23}},"11":{"start":{"line":25,"column":2},"end":{"line":33,"column":5}},"12":{"start":{"line":26,"column":18},"end":{"line":26,"column":36}},"13":{"start":{"line":27,"column":4},"end":{"line":32,"column":7}},"14":{"start":{"line":28,"column":6},"end":{"line":30,"column":7}},"15":{"start":{"line":29,"column":8},"end":{"line":29,"column":15}},"16":{"start":{"line":31,"column":6},"end":{"line":31,"column":24}},"17":{"start":{"line":34,"column":2},"end":{"line":34,"column":25}},"18":{"start":{"line":37,"column":33},"end":{"line":43,"column":1}},"19":{"start":{"line":67,"column":22},"end":{"line":76,"column":7}},"20":{"start":{"line":67,"column":55},"end":{"line":76,"column":5}},"21":{"start":{"line":77,"column":4},"end":{"line":77,"column":50}},"22":{"start":{"line":84,"column":4},"end":{"line":86,"column":5}},"23":{"start":{"line":85,"column":6},"end":{"line":85,"column":29}},"24":{"start":{"line":87,"column":4},"end":{"line":89,"column":5}},"25":{"start":{"line":88,"column":6},"end":{"line":88,"column":30}},"26":{"start":{"line":90,"column":4},"end":{"line":90,"column":21}},"27":{"start":{"line":97,"column":20},"end":{"line":97,"column":41}},"28":{"start":{"line":99,"column":4},"end":{"line":112,"column":5}},"29":{"start":{"line":100,"column":19},"end":{"line":100,"column":63}},"30":{"start":{"line":101,"column":22},"end":{"line":101,"column":63}},"31":{"start":{"line":103,"column":6},"end":{"line":103,"column":82}},"32":{"start":{"line":105,"column":6},"end":{"line":105,"column":34}},"33":{"start":{"line":109,"column":6},"end":{"line":109,"column":40}},"34":{"start":{"line":111,"column":6},"end":{"line":111,"column":25}},"35":{"start":{"line":113,"column":4},"end":{"line":113,"column":58}},"36":{"start":{"line":114,"column":4},"end":{"line":114,"column":19}},"37":{"start":{"line":120,"column":4},"end":{"line":123,"column":18}},"38":{"start":{"line":121,"column":6},"end":{"line":121,"column":83}},"39":{"start":{"line":125,"column":4},"end":{"line":140,"column":5}},"40":{"start":{"line":126,"column":6},"end":{"line":137,"column":7}},"41":{"start":{"line":127,"column":21},"end":{"line":132,"column":23}},"42":{"start":{"line":134,"column":8},"end":{"line":134,"column":26}},"43":{"start":{"line":136,"column":8},"end":{"line":136,"column":27}},"44":{"start":{"line":139,"column":6},"end":{"line":139,"column":38}},"45":{"start":{"line":141,"column":4},"end":{"line":141,"column":22}},"46":{"start":{"line":149,"column":4},"end":{"line":169,"column":7}},"47":{"start":{"line":151,"column":25},"end":{"line":151,"column":27}},"48":{"start":{"line":152,"column":6},"end":{"line":164,"column":9}},"49":{"start":{"line":153,"column":21},"end":{"line":153,"column":51}},"50":{"start":{"line":154,"column":21},"end":{"line":154,"column":80}},"51":{"start":{"line":155,"column":8},"end":{"line":163,"column":9}},"52":{"start":{"line":156,"column":35},"end":{"line":156,"column":70}},"53":{"start":{"line":158,"column":10},"end":{"line":160,"column":13}},"54":{"start":{"line":159,"column":12},"end":{"line":159,"column":73}},"55":{"start":{"line":162,"column":10},"end":{"line":162,"column":55}},"56":{"start":{"line":166,"column":22},"end":{"line":166,"column":66}},"57":{"start":{"line":168,"column":6},"end":{"line":168,"column":46}},"58":{"start":{"line":178,"column":4},"end":{"line":180,"column":5}},"59":{"start":{"line":179,"column":6},"end":{"line":179,"column":39}},"60":{"start":{"line":181,"column":25},"end":{"line":184,"column":5}},"61":{"start":{"line":186,"column":4},"end":{"line":190,"column":5}},"62":{"start":{"line":187,"column":6},"end":{"line":187,"column":42}},"63":{"start":{"line":189,"column":6},"end":{"line":189,"column":16}},"64":{"start":{"line":191,"column":4},"end":{"line":193,"column":62}},"65":{"start":{"line":192,"column":18},"end":{"line":192,"column":49}},"66":{"start":{"line":193,"column":25},"end":{"line":193,"column":60}},"67":{"start":{"line":197,"column":4},"end":{"line":199,"column":5}},"68":{"start":{"line":198,"column":6},"end":{"line":198,"column":42}},"69":{"start":{"line":202,"column":4},"end":{"line":209,"column":18}},"70":{"start":{"line":203,"column":28},"end":{"line":203,"column":99}},"71":{"start":{"line":204,"column":6},"end":{"line":204,"column":43}},"72":{"start":{"line":205,"column":6},"end":{"line":207,"column":64}},"73":{"start":{"line":206,"column":20},"end":{"line":206,"column":52}},"74":{"start":{"line":207,"column":27},"end":{"line":207,"column":62}},"75":{"start":{"line":210,"column":4},"end":{"line":210,"column":16}},"76":{"start":{"line":214,"column":4},"end":{"line":214,"column":50}},"77":{"start":{"line":218,"column":4},"end":{"line":218,"column":47}},"78":{"start":{"line":222,"column":4},"end":{"line":222,"column":36}},"79":{"start":{"line":227,"column":22},"end":{"line":227,"column":50}},"80":{"start":{"line":228,"column":4},"end":{"line":234,"column":5}},"81":{"start":{"line":229,"column":6},"end":{"line":233,"column":7}},"82":{"start":{"line":230,"column":8},"end":{"line":230,"column":50}},"83":{"start":{"line":232,"column":8},"end":{"line":232,"column":31}},"84":{"start":{"line":235,"column":4},"end":{"line":235,"column":23}},"85":{"start":{"line":247,"column":16},"end":{"line":250,"column":5}},"86":{"start":{"line":252,"column":22},"end":{"line":252,"column":57}},"87":{"start":{"line":253,"column":4},"end":{"line":253,"column":74}},"88":{"start":{"line":253,"column":48},"end":{"line":253,"column":58}},"89":{"start":{"line":254,"column":20},"end":{"line":254,"column":46}},"90":{"start":{"line":256,"column":36},"end":{"line":256,"column":77}},"91":{"start":{"line":258,"column":4},"end":{"line":260,"column":5}},"92":{"start":{"line":259,"column":6},"end":{"line":259,"column":85}},"93":{"start":{"line":262,"column":26},"end":{"line":269,"column":6}},"94":{"start":{"line":263,"column":22},"end":{"line":263,"column":47}},"95":{"start":{"line":264,"column":6},"end":{"line":268,"column":8}},"96":{"start":{"line":265,"column":38},"end":{"line":265,"column":63}},"97":{"start":{"line":266,"column":36},"end":{"line":266,"column":55}},"98":{"start":{"line":267,"column":59},"end":{"line":267,"column":73}},"99":{"start":{"line":271,"column":4},"end":{"line":275,"column":5}},"100":{"start":{"line":272,"column":6},"end":{"line":274,"column":8}},"101":{"start":{"line":273,"column":8},"end":{"line":273,"column":80}},"102":{"start":{"line":273,"column":35},"end":{"line":273,"column":79}},"103":{"start":{"line":277,"column":4},"end":{"line":279,"column":5}},"104":{"start":{"line":278,"column":6},"end":{"line":278,"column":64}},"105":{"start":{"line":281,"column":4},"end":{"line":281,"column":27}},"106":{"start":{"line":288,"column":4},"end":{"line":293,"column":5}},"107":{"start":{"line":290,"column":6},"end":{"line":290,"column":60}},"108":{"start":{"line":292,"column":6},"end":{"line":292,"column":18}},"109":{"start":{"line":297,"column":0},"end":{"line":297,"column":38}}},"fnMap":{"0":{"name":"ensureArray","decl":{"start":{"line":18,"column":9},"end":{"line":18,"column":20}},"loc":{"start":{"line":18,"column":24},"end":{"line":20,"column":1}},"line":18},"1":{"name":"multiGlobSync","decl":{"start":{"line":22,"column":9},"end":{"line":22,"column":22}},"loc":{"start":{"line":22,"column":60},"end":{"line":35,"column":1}},"line":22},"2":{"name":"(anonymous_2)","decl":{"start":{"line":25,"column":19},"end":{"line":25,"column":20}},"loc":{"start":{"line":25,"column":30},"end":{"line":33,"column":3}},"line":25},"3":{"name":"(anonymous_3)","decl":{"start":{"line":27,"column":18},"end":{"line":27,"column":19}},"loc":{"start":{"line":27,"column":30},"end":{"line":32,"column":5}},"line":27},"4":{"name":"(anonymous_4)","decl":{"start":{"line":66,"column":2},"end":{"line":66,"column":3}},"loc":{"start":{"line":66,"column":64},"end":{"line":78,"column":3}},"line":66},"5":{"name":"(anonymous_5)","decl":{"start":{"line":67,"column":39},"end":{"line":67,"column":40}},"loc":{"start":{"line":67,"column":55},"end":{"line":76,"column":5}},"line":67},"6":{"name":"(anonymous_6)","decl":{"start":{"line":83,"column":2},"end":{"line":83,"column":3}},"loc":{"start":{"line":83,"column":41},"end":{"line":91,"column":3}},"line":83},"7":{"name":"(anonymous_7)","decl":{"start":{"line":96,"column":2},"end":{"line":96,"column":3}},"loc":{"start":{"line":96,"column":37},"end":{"line":115,"column":3}},"line":96},"8":{"name":"(anonymous_8)","decl":{"start":{"line":117,"column":2},"end":{"line":117,"column":3}},"loc":{"start":{"line":117,"column":37},"end":{"line":142,"column":3}},"line":117},"9":{"name":"(anonymous_9)","decl":{"start":{"line":148,"column":2},"end":{"line":148,"column":3}},"loc":{"start":{"line":148,"column":43},"end":{"line":170,"column":3}},"line":148},"10":{"name":"(anonymous_10)","decl":{"start":{"line":149,"column":25},"end":{"line":149,"column":26}},"loc":{"start":{"line":149,"column":39},"end":{"line":169,"column":5}},"line":149},"11":{"name":"(anonymous_11)","decl":{"start":{"line":152,"column":33},"end":{"line":152,"column":34}},"loc":{"start":{"line":152,"column":42},"end":{"line":164,"column":7}},"line":152},"12":{"name":"(anonymous_12)","decl":{"start":{"line":158,"column":35},"end":{"line":158,"column":36}},"loc":{"start":{"line":158,"column":48},"end":{"line":160,"column":11}},"line":158},"13":{"name":"(anonymous_13)","decl":{"start":{"line":177,"column":2},"end":{"line":177,"column":3}},"loc":{"start":{"line":177,"column":33},"end":{"line":194,"column":3}},"line":177},"14":{"name":"(anonymous_14)","decl":{"start":{"line":192,"column":11},"end":{"line":192,"column":12}},"loc":{"start":{"line":192,"column":18},"end":{"line":192,"column":49}},"line":192},"15":{"name":"(anonymous_15)","decl":{"start":{"line":193,"column":14},"end":{"line":193,"column":15}},"loc":{"start":{"line":193,"column":25},"end":{"line":193,"column":60}},"line":193},"16":{"name":"(anonymous_16)","decl":{"start":{"line":196,"column":2},"end":{"line":196,"column":3}},"loc":{"start":{"line":196,"column":37},"end":{"line":211,"column":3}},"line":196},"17":{"name":"(anonymous_17)","decl":{"start":{"line":206,"column":13},"end":{"line":206,"column":14}},"loc":{"start":{"line":206,"column":20},"end":{"line":206,"column":52}},"line":206},"18":{"name":"(anonymous_18)","decl":{"start":{"line":207,"column":16},"end":{"line":207,"column":17}},"loc":{"start":{"line":207,"column":27},"end":{"line":207,"column":62}},"line":207},"19":{"name":"(anonymous_19)","decl":{"start":{"line":213,"column":2},"end":{"line":213,"column":3}},"loc":{"start":{"line":213,"column":38},"end":{"line":215,"column":3}},"line":213},"20":{"name":"(anonymous_20)","decl":{"start":{"line":217,"column":2},"end":{"line":217,"column":3}},"loc":{"start":{"line":217,"column":35},"end":{"line":219,"column":3}},"line":217},"21":{"name":"(anonymous_21)","decl":{"start":{"line":221,"column":2},"end":{"line":221,"column":3}},"loc":{"start":{"line":221,"column":39},"end":{"line":223,"column":3}},"line":221},"22":{"name":"(anonymous_22)","decl":{"start":{"line":225,"column":2},"end":{"line":225,"column":3}},"loc":{"start":{"line":225,"column":62},"end":{"line":236,"column":3}},"line":225},"23":{"name":"(anonymous_23)","decl":{"start":{"line":246,"column":2},"end":{"line":246,"column":3}},"loc":{"start":{"line":246,"column":53},"end":{"line":282,"column":3}},"line":246},"24":{"name":"(anonymous_24)","decl":{"start":{"line":253,"column":43},"end":{"line":253,"column":44}},"loc":{"start":{"line":253,"column":48},"end":{"line":253,"column":58}},"line":253},"25":{"name":"(anonymous_25)","decl":{"start":{"line":262,"column":41},"end":{"line":262,"column":42}},"loc":{"start":{"line":262,"column":47},"end":{"line":269,"column":5}},"line":262},"26":{"name":"(anonymous_26)","decl":{"start":{"line":265,"column":33},"end":{"line":265,"column":34}},"loc":{"start":{"line":265,"column":38},"end":{"line":265,"column":63}},"line":265},"27":{"name":"(anonymous_27)","decl":{"start":{"line":266,"column":31},"end":{"line":266,"column":32}},"loc":{"start":{"line":266,"column":36},"end":{"line":266,"column":55}},"line":266},"28":{"name":"(anonymous_28)","decl":{"start":{"line":267,"column":54},"end":{"line":267,"column":55}},"loc":{"start":{"line":267,"column":59},"end":{"line":267,"column":73}},"line":267},"29":{"name":"(anonymous_29)","decl":{"start":{"line":272,"column":39},"end":{"line":272,"column":40}},"loc":{"start":{"line":273,"column":8},"end":{"line":273,"column":80}},"line":273},"30":{"name":"(anonymous_30)","decl":{"start":{"line":273,"column":30},"end":{"line":273,"column":31}},"loc":{"start":{"line":273,"column":35},"end":{"line":273,"column":79}},"line":273},"31":{"name":"(anonymous_31)","decl":{"start":{"line":287,"column":2},"end":{"line":287,"column":3}},"loc":{"start":{"line":287,"column":29},"end":{"line":294,"column":3}},"line":287}},"branchMap":{"0":{"loc":{"start":{"line":19,"column":9},"end":{"line":19,"column":35}},"type":"cond-expr","locations":[{"start":{"line":19,"column":28},"end":{"line":19,"column":29}},{"start":{"line":19,"column":32},"end":{"line":19,"column":35}}],"line":19},"1":{"loc":{"start":{"line":22,"column":33},"end":{"line":22,"column":58}},"type":"default-arg","locations":[{"start":{"line":22,"column":56},"end":{"line":22,"column":58}}],"line":22},"2":{"loc":{"start":{"line":22,"column":35},"end":{"line":22,"column":51}},"type":"default-arg","locations":[{"start":{"line":22,"column":46},"end":{"line":22,"column":51}}],"line":22},"3":{"loc":{"start":{"line":28,"column":6},"end":{"line":30,"column":7}},"type":"if","locations":[{"start":{"line":28,"column":6},"end":{"line":30,"column":7}},{"start":{"line":28,"column":6},"end":{"line":30,"column":7}}],"line":28},"4":{"loc":{"start":{"line":28,"column":10},"end":{"line":28,"column":59}},"type":"binary-expr","locations":[{"start":{"line":28,"column":10},"end":{"line":28,"column":46}},{"start":{"line":28,"column":50},"end":{"line":28,"column":59}}],"line":28},"5":{"loc":{"start":{"line":66,"column":40},"end":{"line":66,"column":62}},"type":"default-arg","locations":[{"start":{"line":66,"column":60},"end":{"line":66,"column":62}}],"line":66},"6":{"loc":{"start":{"line":84,"column":4},"end":{"line":86,"column":5}},"type":"if","locations":[{"start":{"line":84,"column":4},"end":{"line":86,"column":5}},{"start":{"line":84,"column":4},"end":{"line":86,"column":5}}],"line":84},"7":{"loc":{"start":{"line":87,"column":4},"end":{"line":89,"column":5}},"type":"if","locations":[{"start":{"line":87,"column":4},"end":{"line":89,"column":5}},{"start":{"line":87,"column":4},"end":{"line":89,"column":5}}],"line":87},"8":{"loc":{"start":{"line":103,"column":52},"end":{"line":103,"column":80}},"type":"binary-expr","locations":[{"start":{"line":103,"column":52},"end":{"line":103,"column":64}},{"start":{"line":103,"column":68},"end":{"line":103,"column":80}}],"line":103},"9":{"loc":{"start":{"line":125,"column":4},"end":{"line":140,"column":5}},"type":"if","locations":[{"start":{"line":125,"column":4},"end":{"line":140,"column":5}},{"start":{"line":125,"column":4},"end":{"line":140,"column":5}}],"line":125},"10":{"loc":{"start":{"line":155,"column":8},"end":{"line":163,"column":9}},"type":"if","locations":[{"start":{"line":155,"column":8},"end":{"line":163,"column":9}},{"start":{"line":155,"column":8},"end":{"line":163,"column":9}}],"line":155},"11":{"loc":{"start":{"line":178,"column":4},"end":{"line":180,"column":5}},"type":"if","locations":[{"start":{"line":178,"column":4},"end":{"line":180,"column":5}},{"start":{"line":178,"column":4},"end":{"line":180,"column":5}}],"line":178},"12":{"loc":{"start":{"line":197,"column":4},"end":{"line":199,"column":5}},"type":"if","locations":[{"start":{"line":197,"column":4},"end":{"line":199,"column":5}},{"start":{"line":197,"column":4},"end":{"line":199,"column":5}}],"line":197},"13":{"loc":{"start":{"line":225,"column":40},"end":{"line":225,"column":60}},"type":"default-arg","locations":[{"start":{"line":225,"column":55},"end":{"line":225,"column":60}}],"line":225},"14":{"loc":{"start":{"line":228,"column":4},"end":{"line":234,"column":5}},"type":"if","locations":[{"start":{"line":228,"column":4},"end":{"line":234,"column":5}},{"start":{"line":228,"column":4},"end":{"line":234,"column":5}}],"line":228},"15":{"loc":{"start":{"line":229,"column":6},"end":{"line":233,"column":7}},"type":"if","locations":[{"start":{"line":229,"column":6},"end":{"line":233,"column":7}},{"start":{"line":229,"column":6},"end":{"line":233,"column":7}}],"line":229},"16":{"loc":{"start":{"line":258,"column":4},"end":{"line":260,"column":5}},"type":"if","locations":[{"start":{"line":258,"column":4},"end":{"line":260,"column":5}},{"start":{"line":258,"column":4},"end":{"line":260,"column":5}}],"line":258},"17":{"loc":{"start":{"line":265,"column":8},"end":{"line":267,"column":75}},"type":"binary-expr","locations":[{"start":{"line":265,"column":8},"end":{"line":265,"column":64}},{"start":{"line":266,"column":8},"end":{"line":266,"column":56}},{"start":{"line":267,"column":8},"end":{"line":267,"column":75}}],"line":265},"18":{"loc":{"start":{"line":267,"column":10},"end":{"line":267,"column":74}},"type":"binary-expr","locations":[{"start":{"line":267,"column":10},"end":{"line":267,"column":27}},{"start":{"line":267,"column":31},"end":{"line":267,"column":74}}],"line":267},"19":{"loc":{"start":{"line":271,"column":4},"end":{"line":275,"column":5}},"type":"if","locations":[{"start":{"line":271,"column":4},"end":{"line":275,"column":5}},{"start":{"line":271,"column":4},"end":{"line":275,"column":5}}],"line":271},"20":{"loc":{"start":{"line":271,"column":8},"end":{"line":271,"column":51}},"type":"binary-expr","locations":[{"start":{"line":271,"column":8},"end":{"line":271,"column":24}},{"start":{"line":271,"column":28},"end":{"line":271,"column":51}}],"line":271},"21":{"loc":{"start":{"line":277,"column":4},"end":{"line":279,"column":5}},"type":"if","locations":[{"start":{"line":277,"column":4},"end":{"line":279,"column":5}},{"start":{"line":277,"column":4},"end":{"line":279,"column":5}}],"line":277},"22":{"loc":{"start":{"line":277,"column":8},"end":{"line":277,"column":51}},"type":"binary-expr","locations":[{"start":{"line":277,"column":8},"end":{"line":277,"column":24}},{"start":{"line":277,"column":28},"end":{"line":277,"column":51}}],"line":277}},"s":{"0":1,"1":1,"2":1,"3":1,"4":1,"5":1,"6":1,"7":1,"8":299,"9":216,"10":216,"11":216,"12":216,"13":216,"14":539,"15":0,"16":539,"17":216,"18":1,"19":209,"20":209,"21":209,"22":449,"23":0,"24":449,"25":0,"26":449,"27":449,"28":449,"29":449,"30":449,"31":449,"32":449,"33":449,"34":0,"35":449,"36":449,"37":449,"38":449,"39":449,"40":0,"41":0,"42":0,"43":0,"44":449,"45":449,"46":209,"47":209,"48":209,"49":501,"50":501,"51":501,"52":0,"53":0,"54":0,"55":501,"56":209,"57":209,"58":1,"59":1,"60":0,"61":0,"62":0,"63":0,"64":0,"65":0,"66":0,"67":4,"68":1,"69":3,"70":3,"71":3,"72":0,"73":0,"74":0,"75":3,"76":70,"77":13,"78":0,"79":430,"80":430,"81":215,"82":1,"83":214,"84":430,"85":215,"86":215,"87":215,"88":219,"89":215,"90":215,"91":215,"92":1,"93":215,"94":537,"95":537,"96":1063,"97":6,"98":11,"99":215,"100":0,"101":0,"102":0,"103":215,"104":0,"105":215,"106":0,"107":0,"108":0,"109":1},"f":{"0":299,"1":216,"2":216,"3":539,"4":209,"5":209,"6":449,"7":449,"8":449,"9":209,"10":209,"11":501,"12":0,"13":1,"14":0,"15":0,"16":4,"17":0,"18":0,"19":70,"20":13,"21":0,"22":430,"23":215,"24":219,"25":537,"26":1063,"27":6,"28":11,"29":0,"30":0,"31":0},"b":{"0":[40,259],"1":[216],"2":[216],"3":[0,539],"4":[539,0],"5":[78],"6":[0,449],"7":[0,449],"8":[449,438],"9":[0,449],"10":[0,501],"11":[1,0],"12":[1,3],"13":[215],"14":[215,215],"15":[1,214],"16":[1,214],"17":[537,531,529],"18":[529,6],"19":[0,215],"20":[215,215],"21":[0,215],"22":[215,215]},"_coverageSchema":"1a1c01bbd47fc00a2c39e90264f33305004495a9","hash":"36fec51dd264bbb942284271aeea116082e16ebc","contentHash":"ef4045ac948616fb5e036908e7f955f1cdc22ec5ae76c06938b88486e276a403"},"/Users/hu84jr/git/lion3/packages/providence/src/program/services/LogService.js":{"path":"/Users/hu84jr/git/lion3/packages/providence/src/program/services/LogService.js","statementMap":{"0":{"start":{"line":1,"column":16},"end":{"line":1,"column":31}},"1":{"start":{"line":2,"column":14},"end":{"line":2,"column":30}},"2":{"start":{"line":3,"column":12},"end":{"line":3,"column":26}},"3":{"start":{"line":4,"column":11},"end":{"line":4,"column":24}},"4":{"start":{"line":6,"column":16},"end":{"line":6,"column":23}},"5":{"start":{"line":9,"column":2},"end":{"line":9,"column":40}},"6":{"start":{"line":15,"column":4},"end":{"line":15,"column":35}},"7":{"start":{"line":15,"column":28},"end":{"line":15,"column":35}},"8":{"start":{"line":16,"column":4},"end":{"line":16,"column":76}},"9":{"start":{"line":17,"column":4},"end":{"line":17,"column":69}},"10":{"start":{"line":21,"column":4},"end":{"line":21,"column":78}},"11":{"start":{"line":22,"column":4},"end":{"line":22,"column":69}},"12":{"start":{"line":26,"column":4},"end":{"line":26,"column":74}},"13":{"start":{"line":27,"column":4},"end":{"line":27,"column":68}},"14":{"start":{"line":31,"column":4},"end":{"line":31,"column":71}},"15":{"start":{"line":32,"column":4},"end":{"line":32,"column":69}},"16":{"start":{"line":36,"column":4},"end":{"line":36,"column":70}},"17":{"start":{"line":37,"column":4},"end":{"line":37,"column":69}},"18":{"start":{"line":41,"column":4},"end":{"line":41,"column":32}},"19":{"start":{"line":45,"column":4},"end":{"line":47,"column":5}},"20":{"start":{"line":46,"column":6},"end":{"line":46,"column":30}},"21":{"start":{"line":48,"column":4},"end":{"line":48,"column":24}},"22":{"start":{"line":52,"column":4},"end":{"line":52,"column":19}},"23":{"start":{"line":56,"column":4},"end":{"line":56,"column":19}},"24":{"start":{"line":60,"column":17},"end":{"line":60,"column":20}},"25":{"start":{"line":61,"column":20},"end":{"line":61,"column":41}},"26":{"start":{"line":62,"column":4},"end":{"line":64,"column":5}},"27":{"start":{"line":63,"column":6},"end":{"line":63,"column":36}},"28":{"start":{"line":65,"column":4},"end":{"line":65,"column":18}},"29":{"start":{"line":69,"column":21},"end":{"line":69,"column":66}},"30":{"start":{"line":70,"column":15},"end":{"line":70,"column":38}},"31":{"start":{"line":71,"column":4},"end":{"line":73,"column":7}},"32":{"start":{"line":72,"column":6},"end":{"line":72,"column":23}},"33":{"start":{"line":74,"column":4},"end":{"line":74,"column":39}},"34":{"start":{"line":75,"column":4},"end":{"line":75,"column":52}},"35":{"start":{"line":76,"column":4},"end":{"line":76,"column":26}},"36":{"start":{"line":79,"column":0},"end":{"line":79,"column":32}},"37":{"start":{"line":80,"column":0},"end":{"line":80,"column":28}},"38":{"start":{"line":82,"column":0},"end":{"line":82,"column":32}}},"fnMap":{"0":{"name":"printTitle","decl":{"start":{"line":8,"column":9},"end":{"line":8,"column":19}},"loc":{"start":{"line":8,"column":27},"end":{"line":10,"column":1}},"line":8},"1":{"name":"(anonymous_1)","decl":{"start":{"line":14,"column":2},"end":{"line":14,"column":3}},"loc":{"start":{"line":14,"column":28},"end":{"line":18,"column":3}},"line":14},"2":{"name":"(anonymous_2)","decl":{"start":{"line":20,"column":2},"end":{"line":20,"column":3}},"loc":{"start":{"line":20,"column":27},"end":{"line":23,"column":3}},"line":20},"3":{"name":"(anonymous_3)","decl":{"start":{"line":25,"column":2},"end":{"line":25,"column":3}},"loc":{"start":{"line":25,"column":28},"end":{"line":28,"column":3}},"line":25},"4":{"name":"(anonymous_4)","decl":{"start":{"line":30,"column":2},"end":{"line":30,"column":3}},"loc":{"start":{"line":30,"column":30},"end":{"line":33,"column":3}},"line":30},"5":{"name":"(anonymous_5)","decl":{"start":{"line":35,"column":2},"end":{"line":35,"column":3}},"loc":{"start":{"line":35,"column":27},"end":{"line":38,"column":3}},"line":35},"6":{"name":"(anonymous_6)","decl":{"start":{"line":40,"column":2},"end":{"line":40,"column":3}},"loc":{"start":{"line":40,"column":28},"end":{"line":42,"column":3}},"line":40},"7":{"name":"(anonymous_7)","decl":{"start":{"line":44,"column":2},"end":{"line":44,"column":3}},"loc":{"start":{"line":44,"column":27},"end":{"line":49,"column":3}},"line":44},"8":{"name":"(anonymous_8)","decl":{"start":{"line":51,"column":2},"end":{"line":51,"column":3}},"loc":{"start":{"line":51,"column":23},"end":{"line":53,"column":3}},"line":51},"9":{"name":"(anonymous_9)","decl":{"start":{"line":55,"column":2},"end":{"line":55,"column":3}},"loc":{"start":{"line":55,"column":23},"end":{"line":57,"column":3}},"line":55},"10":{"name":"(anonymous_10)","decl":{"start":{"line":59,"column":2},"end":{"line":59,"column":3}},"loc":{"start":{"line":59,"column":33},"end":{"line":66,"column":3}},"line":59},"11":{"name":"(anonymous_11)","decl":{"start":{"line":68,"column":2},"end":{"line":68,"column":3}},"loc":{"start":{"line":68,"column":24},"end":{"line":77,"column":3}},"line":68},"12":{"name":"(anonymous_12)","decl":{"start":{"line":71,"column":29},"end":{"line":71,"column":30}},"loc":{"start":{"line":71,"column":34},"end":{"line":73,"column":5}},"line":71}},"branchMap":{"0":{"loc":{"start":{"line":9,"column":12},"end":{"line":9,"column":37}},"type":"cond-expr","locations":[{"start":{"line":9,"column":20},"end":{"line":9,"column":32}},{"start":{"line":9,"column":35},"end":{"line":9,"column":37}}],"line":9},"1":{"loc":{"start":{"line":15,"column":4},"end":{"line":15,"column":35}},"type":"if","locations":[{"start":{"line":15,"column":4},"end":{"line":15,"column":35}},{"start":{"line":15,"column":4},"end":{"line":15,"column":35}}],"line":15},"2":{"loc":{"start":{"line":45,"column":4},"end":{"line":47,"column":5}},"type":"if","locations":[{"start":{"line":45,"column":4},"end":{"line":47,"column":5}},{"start":{"line":45,"column":4},"end":{"line":47,"column":5}}],"line":45},"3":{"loc":{"start":{"line":59,"column":18},"end":{"line":59,"column":31}},"type":"default-arg","locations":[{"start":{"line":59,"column":29},"end":{"line":59,"column":31}}],"line":59},"4":{"loc":{"start":{"line":62,"column":4},"end":{"line":64,"column":5}},"type":"if","locations":[{"start":{"line":62,"column":4},"end":{"line":64,"column":5}},{"start":{"line":62,"column":4},"end":{"line":64,"column":5}}],"line":62}},"s":{"0":1,"1":1,"2":1,"3":1,"4":1,"5":0,"6":8,"7":8,"8":0,"9":0,"10":0,"11":0,"12":0,"13":0,"14":0,"15":0,"16":0,"17":0,"18":0,"19":0,"20":0,"21":0,"22":0,"23":0,"24":352,"25":352,"26":352,"27":256,"28":352,"29":0,"30":0,"31":0,"32":0,"33":0,"34":0,"35":0,"36":1,"37":1,"38":1},"f":{"0":0,"1":8,"2":0,"3":0,"4":0,"5":0,"6":0,"7":0,"8":0,"9":0,"10":352,"11":0,"12":0},"b":{"0":[0,0],"1":[8,0],"2":[0,0],"3":[0],"4":[256,96]},"_coverageSchema":"1a1c01bbd47fc00a2c39e90264f33305004495a9","hash":"066fac9ea5e891b1daa52b7461e91735affac54f","contentHash":"dbe363d335fea658a4a533085b356b5cda639f13e0ad534fd18222dbbdcfc549"},"/Users/hu84jr/git/lion3/packages/providence/src/program/services/AstService.js":{"path":"/Users/hu84jr/git/lion3/packages/providence/src/program/services/AstService.js","statementMap":{"0":{"start":{"line":7,"column":4},"end":{"line":7,"column":25}},"1":{"start":{"line":8,"column":20},"end":{"line":8,"column":44}},"2":{"start":{"line":9,"column":22},"end":{"line":9,"column":48}},"3":{"start":{"line":10,"column":15},"end":{"line":10,"column":32}},"4":{"start":{"line":11,"column":21},"end":{"line":11,"column":57}},"5":{"start":{"line":12,"column":23},"end":{"line":12,"column":49}},"6":{"start":{"line":23,"column":4},"end":{"line":23,"column":67}},"7":{"start":{"line":25,"column":27},"end":{"line":43,"column":5}},"8":{"start":{"line":45,"column":20},"end":{"line":45,"column":71}},"9":{"start":{"line":46,"column":24},"end":{"line":46,"column":54}},"10":{"start":{"line":47,"column":18},"end":{"line":47,"column":88}},"11":{"start":{"line":47,"column":56},"end":{"line":47,"column":87}},"12":{"start":{"line":48,"column":4},"end":{"line":48,"column":43}},"13":{"start":{"line":57,"column":16},"end":{"line":60,"column":6}},"14":{"start":{"line":61,"column":4},"end":{"line":61,"column":15}},"15":{"start":{"line":69,"column":16},"end":{"line":69,"column":46}},"16":{"start":{"line":70,"column":20},"end":{"line":70,"column":22}},"17":{"start":{"line":71,"column":4},"end":{"line":76,"column":7}},"18":{"start":{"line":73,"column":21},"end":{"line":73,"column":81}},"19":{"start":{"line":74,"column":8},"end":{"line":74,"column":27}},"20":{"start":{"line":77,"column":4},"end":{"line":77,"column":19}},"21":{"start":{"line":85,"column":4},"end":{"line":85,"column":37}},"22":{"start":{"line":104,"column":4},"end":{"line":122,"column":5}},"23":{"start":{"line":106,"column":6},"end":{"line":119,"column":7}},"24":{"start":{"line":108,"column":10},"end":{"line":108,"column":41}},"25":{"start":{"line":110,"column":10},"end":{"line":112,"column":60}},"26":{"start":{"line":113,"column":10},"end":{"line":113,"column":46}},"27":{"start":{"line":115,"column":10},"end":{"line":117,"column":60}},"28":{"start":{"line":118,"column":10},"end":{"line":118,"column":52}},"29":{"start":{"line":121,"column":6},"end":{"line":121,"column":66}},"30":{"start":{"line":126,"column":0},"end":{"line":126,"column":32}}},"fnMap":{"0":{"name":"(anonymous_0)","decl":{"start":{"line":21,"column":2},"end":{"line":21,"column":3}},"loc":{"start":{"line":21,"column":47},"end":{"line":49,"column":3}},"line":21},"1":{"name":"(anonymous_1)","decl":{"start":{"line":47,"column":50},"end":{"line":47,"column":51}},"loc":{"start":{"line":47,"column":56},"end":{"line":47,"column":87}},"line":47},"2":{"name":"(anonymous_2)","decl":{"start":{"line":56,"column":2},"end":{"line":56,"column":3}},"loc":{"start":{"line":56,"column":28},"end":{"line":62,"column":3}},"line":56},"3":{"name":"(anonymous_3)","decl":{"start":{"line":68,"column":2},"end":{"line":68,"column":3}},"loc":{"start":{"line":68,"column":38},"end":{"line":78,"column":3}},"line":68},"4":{"name":"(anonymous_4)","decl":{"start":{"line":72,"column":6},"end":{"line":72,"column":7}},"loc":{"start":{"line":72,"column":19},"end":{"line":75,"column":7}},"line":72},"5":{"name":"(anonymous_5)","decl":{"start":{"line":84,"column":2},"end":{"line":84,"column":3}},"loc":{"start":{"line":84,"column":45},"end":{"line":86,"column":3}},"line":84},"6":{"name":"(anonymous_6)","decl":{"start":{"line":102,"column":2},"end":{"line":102,"column":3}},"loc":{"start":{"line":102,"column":50},"end":{"line":123,"column":3}},"line":102}},"branchMap":{"0":{"loc":{"start":{"line":23,"column":16},"end":{"line":23,"column":66}},"type":"cond-expr","locations":[{"start":{"line":23,"column":43},"end":{"line":23,"column":52}},{"start":{"line":23,"column":55},"end":{"line":23,"column":66}}],"line":23},"1":{"loc":{"start":{"line":45,"column":45},"end":{"line":45,"column":70}},"type":"binary-expr","locations":[{"start":{"line":45,"column":45},"end":{"line":45,"column":52}},{"start":{"line":45,"column":56},"end":{"line":45,"column":70}}],"line":45},"2":{"loc":{"start":{"line":73,"column":21},"end":{"line":73,"column":81}},"type":"cond-expr","locations":[{"start":{"line":73,"column":47},"end":{"line":73,"column":76}},{"start":{"line":73,"column":79},"end":{"line":73,"column":81}}],"line":73},"3":{"loc":{"start":{"line":102,"column":31},"end":{"line":102,"column":48}},"type":"default-arg","locations":[{"start":{"line":102,"column":46},"end":{"line":102,"column":48}}],"line":102},"4":{"loc":{"start":{"line":106,"column":6},"end":{"line":119,"column":7}},"type":"switch","locations":[{"start":{"line":107,"column":8},"end":{"line":108,"column":41}},{"start":{"line":109,"column":8},"end":{"line":113,"column":46}},{"start":{"line":114,"column":8},"end":{"line":118,"column":52}}],"line":106}},"s":{"0":1,"1":1,"2":1,"3":1,"4":1,"5":1,"6":0,"7":0,"8":0,"9":0,"10":0,"11":0,"12":0,"13":350,"14":350,"15":0,"16":0,"17":0,"18":0,"19":0,"20":0,"21":0,"22":347,"23":347,"24":347,"25":0,"26":0,"27":0,"28":0,"29":0,"30":1},"f":{"0":0,"1":0,"2":350,"3":0,"4":0,"5":0,"6":347},"b":{"0":[0,0],"1":[0,0],"2":[0,0],"3":[0],"4":[347,0,0]},"_coverageSchema":"1a1c01bbd47fc00a2c39e90264f33305004495a9","hash":"e07a4487c1cf886521bc6fbbf3e8b5fb37535b2d","contentHash":"12dfd2f556b4823ea3c4c0137e23c8665418d6cdb30030997e25dc41802bbf0a"},"/Users/hu84jr/git/lion3/packages/providence/src/program/utils/traverse-html.js":{"path":"/Users/hu84jr/git/lion3/packages/providence/src/program/utils/traverse-html.js","statementMap":{"0":{"start":{"line":8,"column":4},"end":{"line":13,"column":6}},"1":{"start":{"line":11,"column":8},"end":{"line":11,"column":32}},"2":{"start":{"line":17,"column":2},"end":{"line":19,"column":3}},"3":{"start":{"line":18,"column":4},"end":{"line":18,"column":54}},"4":{"start":{"line":21,"column":2},"end":{"line":25,"column":3}},"5":{"start":{"line":22,"column":4},"end":{"line":24,"column":7}},"6":{"start":{"line":23,"column":6},"end":{"line":23,"column":54}},"7":{"start":{"line":28,"column":0},"end":{"line":28,"column":30}}},"fnMap":{"0":{"name":"traverseHtml","decl":{"start":{"line":6,"column":9},"end":{"line":6,"column":21}},"loc":{"start":{"line":6,"column":46},"end":{"line":26,"column":1}},"line":6},"1":{"name":"pathify","decl":{"start":{"line":7,"column":11},"end":{"line":7,"column":18}},"loc":{"start":{"line":7,"column":25},"end":{"line":14,"column":3}},"line":7},"2":{"name":"(anonymous_2)","decl":{"start":{"line":10,"column":6},"end":{"line":10,"column":7}},"loc":{"start":{"line":10,"column":20},"end":{"line":12,"column":7}},"line":10},"3":{"name":"(anonymous_3)","decl":{"start":{"line":22,"column":31},"end":{"line":22,"column":32}},"loc":{"start":{"line":22,"column":44},"end":{"line":24,"column":5}},"line":22}},"branchMap":{"0":{"loc":{"start":{"line":17,"column":2},"end":{"line":19,"column":3}},"type":"if","locations":[{"start":{"line":17,"column":2},"end":{"line":19,"column":3}},{"start":{"line":17,"column":2},"end":{"line":19,"column":3}}],"line":17},"1":{"loc":{"start":{"line":21,"column":2},"end":{"line":25,"column":3}},"type":"if","locations":[{"start":{"line":21,"column":2},"end":{"line":25,"column":3}},{"start":{"line":21,"column":2},"end":{"line":25,"column":3}}],"line":21}},"s":{"0":0,"1":0,"2":0,"3":0,"4":0,"5":0,"6":0,"7":1},"f":{"0":0,"1":0,"2":0,"3":0},"b":{"0":[0,0],"1":[0,0]},"_coverageSchema":"1a1c01bbd47fc00a2c39e90264f33305004495a9","hash":"913e007a4793d5113528d998421dc83c0ca0a831","contentHash":"2abdc44899f3d7f730e167806734a5d1c1bd51b41efacee7743db23f427e5893"},"/Users/hu84jr/git/lion3/packages/providence/src/program/utils/get-file-path-relative-from-root.js":{"path":"/Users/hu84jr/git/lion3/packages/providence/src/program/utils/get-file-path-relative-from-root.js","statementMap":{"0":{"start":{"line":9,"column":2},"end":{"line":9,"column":48}},"1":{"start":{"line":12,"column":0},"end":{"line":12,"column":49}}},"fnMap":{"0":{"name":"getFilePathRelativeFromRoot","decl":{"start":{"line":8,"column":9},"end":{"line":8,"column":36}},"loc":{"start":{"line":8,"column":64},"end":{"line":10,"column":1}},"line":8}},"branchMap":{},"s":{"0":824,"1":1},"f":{"0":824},"b":{},"_coverageSchema":"1a1c01bbd47fc00a2c39e90264f33305004495a9","hash":"37078187fdf5270f39ac0b4bbed7b82371944dc0","contentHash":"51bcc2941c8a5f9065a36f8a60a70cee434d0b0571b58f1a4372cb9f516bff01"},"/Users/hu84jr/git/lion3/packages/providence/src/program/services/QueryService.js":{"path":"/Users/hu84jr/git/lion3/packages/providence/src/program/services/QueryService.js","statementMap":{"0":{"start":{"line":2,"column":0},"end":{"line":2,"column":29}},"1":{"start":{"line":4,"column":18},"end":{"line":4,"column":38}},"2":{"start":{"line":5,"column":22},"end":{"line":5,"column":46}},"3":{"start":{"line":6,"column":23},"end":{"line":6,"column":49}},"4":{"start":{"line":7,"column":23},"end":{"line":7,"column":49}},"5":{"start":{"line":8,"column":40},"end":{"line":8,"column":95}},"6":{"start":{"line":10,"column":29},"end":{"line":10,"column":38}},"7":{"start":{"line":18,"column":4},"end":{"line":18,"column":43}},"8":{"start":{"line":32,"column":26},"end":{"line":32,"column":68}},"9":{"start":{"line":33,"column":23},"end":{"line":33,"column":71}},"10":{"start":{"line":34,"column":6},"end":{"line":34,"column":37}},"11":{"start":{"line":42,"column":18},"end":{"line":42,"column":55}},"12":{"start":{"line":43,"column":4},"end":{"line":50,"column":5}},"13":{"start":{"line":45,"column":6},"end":{"line":45,"column":30}},"14":{"start":{"line":47,"column":6},"end":{"line":47,"column":28}},"15":{"start":{"line":49,"column":6},"end":{"line":49,"column":33}},"16":{"start":{"line":52,"column":39},"end":{"line":52,"column":66}},"17":{"start":{"line":55,"column":4},"end":{"line":71,"column":5}},"18":{"start":{"line":56,"column":46},"end":{"line":56,"column":67}},"19":{"start":{"line":57,"column":40},"end":{"line":57,"column":68}},"20":{"start":{"line":58,"column":45},"end":{"line":58,"column":74}},"21":{"start":{"line":59,"column":6},"end":{"line":67,"column":8}},"22":{"start":{"line":70,"column":6},"end":{"line":70,"column":48}},"23":{"start":{"line":73,"column":4},"end":{"line":73,"column":52}},"24":{"start":{"line":83,"column":4},"end":{"line":96,"column":5}},"25":{"start":{"line":86,"column":6},"end":{"line":92,"column":7}},"26":{"start":{"line":88,"column":8},"end":{"line":88,"column":69}},"27":{"start":{"line":90,"column":8},"end":{"line":90,"column":28}},"28":{"start":{"line":91,"column":8},"end":{"line":91,"column":24}},"29":{"start":{"line":95,"column":6},"end":{"line":95,"column":40}},"30":{"start":{"line":97,"column":4},"end":{"line":102,"column":6}},"31":{"start":{"line":115,"column":16},"end":{"line":121,"column":5}},"32":{"start":{"line":123,"column":20},"end":{"line":123,"column":22}},"33":{"start":{"line":126,"column":4},"end":{"line":130,"column":5}},"34":{"start":{"line":127,"column":6},"end":{"line":127,"column":57}},"35":{"start":{"line":128,"column":11},"end":{"line":130,"column":5}},"36":{"start":{"line":129,"column":6},"end":{"line":129,"column":38}},"37":{"start":{"line":132,"column":4},"end":{"line":160,"column":6}},"38":{"start":{"line":135,"column":30},"end":{"line":135,"column":32}},"39":{"start":{"line":136,"column":28},"end":{"line":139,"column":10}},"40":{"start":{"line":140,"column":8},"end":{"line":140,"column":50}},"41":{"start":{"line":142,"column":8},"end":{"line":157,"column":9}},"42":{"start":{"line":143,"column":31},"end":{"line":146,"column":12}},"43":{"start":{"line":147,"column":10},"end":{"line":156,"column":15}},"44":{"start":{"line":149,"column":25},"end":{"line":149,"column":26}},"45":{"start":{"line":151,"column":43},"end":{"line":151,"column":55}},"46":{"start":{"line":152,"column":27},"end":{"line":152,"column":86}},"47":{"start":{"line":153,"column":27},"end":{"line":153,"column":61}},"48":{"start":{"line":154,"column":28},"end":{"line":154,"column":49}},"49":{"start":{"line":155,"column":14},"end":{"line":155,"column":63}},"50":{"start":{"line":158,"column":8},"end":{"line":158,"column":73}},"51":{"start":{"line":162,"column":4},"end":{"line":168,"column":6}},"52":{"start":{"line":179,"column":4},"end":{"line":182,"column":5}},"53":{"start":{"line":180,"column":6},"end":{"line":180,"column":82}},"54":{"start":{"line":181,"column":6},"end":{"line":181,"column":22}},"55":{"start":{"line":185,"column":21},"end":{"line":185,"column":47}},"56":{"start":{"line":186,"column":27},"end":{"line":186,"column":63}},"57":{"start":{"line":187,"column":4},"end":{"line":189,"column":5}},"58":{"start":{"line":188,"column":6},"end":{"line":188,"column":28}},"59":{"start":{"line":190,"column":42},"end":{"line":190,"column":56}},"60":{"start":{"line":191,"column":51},"end":{"line":197,"column":7}},"61":{"start":{"line":198,"column":4},"end":{"line":198,"column":23}},"62":{"start":{"line":206,"column":4},"end":{"line":218,"column":7}},"63":{"start":{"line":207,"column":25},"end":{"line":207,"column":75}},"64":{"start":{"line":208,"column":6},"end":{"line":210,"column":7}},"65":{"start":{"line":209,"column":8},"end":{"line":209,"column":26}},"66":{"start":{"line":211,"column":28},"end":{"line":214,"column":8}},"67":{"start":{"line":212,"column":20},"end":{"line":212,"column":96}},"68":{"start":{"line":213,"column":8},"end":{"line":213,"column":33}},"69":{"start":{"line":215,"column":22},"end":{"line":215,"column":64}},"70":{"start":{"line":216,"column":6},"end":{"line":216,"column":70}},"71":{"start":{"line":217,"column":6},"end":{"line":217,"column":21}},"72":{"start":{"line":231,"column":4},"end":{"line":233,"column":5}},"73":{"start":{"line":232,"column":6},"end":{"line":232,"column":13}},"74":{"start":{"line":237,"column":4},"end":{"line":239,"column":5}},"75":{"start":{"line":238,"column":6},"end":{"line":238,"column":66}},"76":{"start":{"line":240,"column":4},"end":{"line":240,"column":44}},"77":{"start":{"line":253,"column":33},"end":{"line":253,"column":40}},"78":{"start":{"line":255,"column":4},"end":{"line":259,"column":5}},"79":{"start":{"line":256,"column":6},"end":{"line":256,"column":70}},"80":{"start":{"line":258,"column":6},"end":{"line":258,"column":26}},"81":{"start":{"line":262,"column":4},"end":{"line":284,"column":5}},"82":{"start":{"line":263,"column":6},"end":{"line":279,"column":7}},"83":{"start":{"line":265,"column":22},"end":{"line":265,"column":27}},"84":{"start":{"line":266,"column":8},"end":{"line":275,"column":9}},"85":{"start":{"line":267,"column":10},"end":{"line":274,"column":11}},"86":{"start":{"line":269,"column":12},"end":{"line":269,"column":37}},"87":{"start":{"line":273,"column":12},"end":{"line":273,"column":84}},"88":{"start":{"line":276,"column":8},"end":{"line":276,"column":61}},"89":{"start":{"line":278,"column":8},"end":{"line":278,"column":57}},"90":{"start":{"line":280,"column":11},"end":{"line":284,"column":5}},"91":{"start":{"line":281,"column":6},"end":{"line":281,"column":37}},"92":{"start":{"line":283,"column":6},"end":{"line":283,"column":58}},"93":{"start":{"line":286,"column":4},"end":{"line":286,"column":17}},"94":{"start":{"line":290,"column":16},"end":{"line":297,"column":5}},"95":{"start":{"line":299,"column":40},"end":{"line":299,"column":72}},"96":{"start":{"line":300,"column":20},"end":{"line":300,"column":88}},"97":{"start":{"line":300,"column":57},"end":{"line":300,"column":67}},"98":{"start":{"line":301,"column":18},"end":{"line":301,"column":45}},"99":{"start":{"line":304,"column":16},"end":{"line":304,"column":77}},"100":{"start":{"line":306,"column":4},"end":{"line":308,"column":5}},"101":{"start":{"line":307,"column":6},"end":{"line":307,"column":44}},"102":{"start":{"line":310,"column":4},"end":{"line":314,"column":7}},"103":{"start":{"line":311,"column":6},"end":{"line":313,"column":9}},"104":{"start":{"line":312,"column":8},"end":{"line":312,"column":24}},"105":{"start":{"line":317,"column":0},"end":{"line":317,"column":35}},"106":{"start":{"line":319,"column":0},"end":{"line":319,"column":34}}},"fnMap":{"0":{"name":"(anonymous_0)","decl":{"start":{"line":17,"column":2},"end":{"line":17,"column":3}},"loc":{"start":{"line":17,"column":58},"end":{"line":19,"column":3}},"line":17},"1":{"name":"(anonymous_1)","decl":{"start":{"line":30,"column":2},"end":{"line":30,"column":3}},"loc":{"start":{"line":30,"column":54},"end":{"line":74,"column":3}},"line":30},"2":{"name":"parseContains","decl":{"start":{"line":31,"column":13},"end":{"line":31,"column":26}},"loc":{"start":{"line":31,"column":38},"end":{"line":35,"column":5}},"line":31},"3":{"name":"(anonymous_3)","decl":{"start":{"line":81,"column":2},"end":{"line":81,"column":3}},"loc":{"start":{"line":81,"column":76},"end":{"line":103,"column":3}},"line":81},"4":{"name":"(anonymous_4)","decl":{"start":{"line":114,"column":2},"end":{"line":114,"column":3}},"loc":{"start":{"line":114,"column":64},"end":{"line":169,"column":3}},"line":114},"5":{"name":"(anonymous_5)","decl":{"start":{"line":133,"column":20},"end":{"line":133,"column":21}},"loc":{"start":{"line":133,"column":41},"end":{"line":159,"column":7}},"line":133},"6":{"name":"(anonymous_6)","decl":{"start":{"line":149,"column":20},"end":{"line":149,"column":21}},"loc":{"start":{"line":149,"column":25},"end":{"line":149,"column":26}},"line":149},"7":{"name":"(anonymous_7)","decl":{"start":{"line":150,"column":17},"end":{"line":150,"column":18}},"loc":{"start":{"line":150,"column":22},"end":{"line":156,"column":13}},"line":150},"8":{"name":"(anonymous_8)","decl":{"start":{"line":178,"column":2},"end":{"line":178,"column":3}},"loc":{"start":{"line":178,"column":52},"end":{"line":199,"column":3}},"line":178},"9":{"name":"(anonymous_9)","decl":{"start":{"line":205,"column":2},"end":{"line":205,"column":3}},"loc":{"start":{"line":205,"column":63},"end":{"line":219,"column":3}},"line":205},"10":{"name":"(anonymous_10)","decl":{"start":{"line":206,"column":28},"end":{"line":206,"column":29}},"loc":{"start":{"line":206,"column":43},"end":{"line":218,"column":5}},"line":206},"11":{"name":"(anonymous_11)","decl":{"start":{"line":211,"column":52},"end":{"line":211,"column":53}},"loc":{"start":{"line":211,"column":61},"end":{"line":214,"column":7}},"line":211},"12":{"name":"(anonymous_12)","decl":{"start":{"line":230,"column":2},"end":{"line":230,"column":3}},"loc":{"start":{"line":230,"column":48},"end":{"line":241,"column":3}},"line":230},"13":{"name":"(anonymous_13)","decl":{"start":{"line":252,"column":2},"end":{"line":252,"column":3}},"loc":{"start":{"line":252,"column":35},"end":{"line":287,"column":3}},"line":252},"14":{"name":"(anonymous_14)","decl":{"start":{"line":289,"column":2},"end":{"line":289,"column":3}},"loc":{"start":{"line":289,"column":55},"end":{"line":315,"column":3}},"line":289},"15":{"name":"(anonymous_15)","decl":{"start":{"line":300,"column":52},"end":{"line":300,"column":53}},"loc":{"start":{"line":300,"column":57},"end":{"line":300,"column":67}},"line":300},"16":{"name":"(anonymous_16)","decl":{"start":{"line":310,"column":23},"end":{"line":310,"column":24}},"loc":{"start":{"line":310,"column":34},"end":{"line":314,"column":5}},"line":310},"17":{"name":"(anonymous_17)","decl":{"start":{"line":311,"column":56},"end":{"line":311,"column":57}},"loc":{"start":{"line":311,"column":73},"end":{"line":313,"column":7}},"line":311}},"branchMap":{"0":{"loc":{"start":{"line":32,"column":26},"end":{"line":32,"column":68}},"type":"cond-expr","locations":[{"start":{"line":32,"column":38},"end":{"line":32,"column":61}},{"start":{"line":32,"column":64},"end":{"line":32,"column":68}}],"line":32},"1":{"loc":{"start":{"line":33,"column":23},"end":{"line":33,"column":71}},"type":"cond-expr","locations":[{"start":{"line":33,"column":37},"end":{"line":33,"column":59}},{"start":{"line":33,"column":62},"end":{"line":33,"column":71}}],"line":33},"2":{"loc":{"start":{"line":43,"column":4},"end":{"line":50,"column":5}},"type":"if","locations":[{"start":{"line":43,"column":4},"end":{"line":50,"column":5}},{"start":{"line":43,"column":4},"end":{"line":50,"column":5}}],"line":43},"3":{"loc":{"start":{"line":55,"column":4},"end":{"line":71,"column":5}},"type":"if","locations":[{"start":{"line":55,"column":4},"end":{"line":71,"column":5}},{"start":{"line":55,"column":4},"end":{"line":71,"column":5}}],"line":55},"4":{"loc":{"start":{"line":83,"column":4},"end":{"line":96,"column":5}},"type":"if","locations":[{"start":{"line":83,"column":4},"end":{"line":96,"column":5}},{"start":{"line":83,"column":4},"end":{"line":96,"column":5}}],"line":83},"5":{"loc":{"start":{"line":126,"column":4},"end":{"line":130,"column":5}},"type":"if","locations":[{"start":{"line":126,"column":4},"end":{"line":130,"column":5}},{"start":{"line":126,"column":4},"end":{"line":130,"column":5}}],"line":126},"6":{"loc":{"start":{"line":128,"column":11},"end":{"line":130,"column":5}},"type":"if","locations":[{"start":{"line":128,"column":11},"end":{"line":130,"column":5}},{"start":{"line":128,"column":11},"end":{"line":130,"column":5}}],"line":128},"7":{"loc":{"start":{"line":142,"column":8},"end":{"line":157,"column":9}},"type":"if","locations":[{"start":{"line":142,"column":8},"end":{"line":157,"column":9}},{"start":{"line":142,"column":8},"end":{"line":157,"column":9}}],"line":142},"8":{"loc":{"start":{"line":179,"column":4},"end":{"line":182,"column":5}},"type":"if","locations":[{"start":{"line":179,"column":4},"end":{"line":182,"column":5}},{"start":{"line":179,"column":4},"end":{"line":182,"column":5}}],"line":179},"9":{"loc":{"start":{"line":187,"column":4},"end":{"line":189,"column":5}},"type":"if","locations":[{"start":{"line":187,"column":4},"end":{"line":189,"column":5}},{"start":{"line":187,"column":4},"end":{"line":189,"column":5}}],"line":187},"10":{"loc":{"start":{"line":208,"column":6},"end":{"line":210,"column":7}},"type":"if","locations":[{"start":{"line":208,"column":6},"end":{"line":210,"column":7}},{"start":{"line":208,"column":6},"end":{"line":210,"column":7}}],"line":208},"11":{"loc":{"start":{"line":231,"column":4},"end":{"line":233,"column":5}},"type":"if","locations":[{"start":{"line":231,"column":4},"end":{"line":233,"column":5}},{"start":{"line":231,"column":4},"end":{"line":233,"column":5}}],"line":231},"12":{"loc":{"start":{"line":237,"column":4},"end":{"line":239,"column":5}},"type":"if","locations":[{"start":{"line":237,"column":4},"end":{"line":239,"column":5}},{"start":{"line":237,"column":4},"end":{"line":239,"column":5}}],"line":237},"13":{"loc":{"start":{"line":255,"column":4},"end":{"line":259,"column":5}},"type":"if","locations":[{"start":{"line":255,"column":4},"end":{"line":259,"column":5}},{"start":{"line":255,"column":4},"end":{"line":259,"column":5}}],"line":255},"14":{"loc":{"start":{"line":256,"column":21},"end":{"line":256,"column":69}},"type":"cond-expr","locations":[{"start":{"line":256,"column":51},"end":{"line":256,"column":63}},{"start":{"line":256,"column":66},"end":{"line":256,"column":69}}],"line":256},"15":{"loc":{"start":{"line":262,"column":4},"end":{"line":284,"column":5}},"type":"if","locations":[{"start":{"line":262,"column":4},"end":{"line":284,"column":5}},{"start":{"line":262,"column":4},"end":{"line":284,"column":5}}],"line":262},"16":{"loc":{"start":{"line":263,"column":6},"end":{"line":279,"column":7}},"type":"if","locations":[{"start":{"line":263,"column":6},"end":{"line":279,"column":7}},{"start":{"line":263,"column":6},"end":{"line":279,"column":7}}],"line":263},"17":{"loc":{"start":{"line":266,"column":8},"end":{"line":275,"column":9}},"type":"if","locations":[{"start":{"line":266,"column":8},"end":{"line":275,"column":9}},{"start":{"line":266,"column":8},"end":{"line":275,"column":9}}],"line":266},"18":{"loc":{"start":{"line":267,"column":10},"end":{"line":274,"column":11}},"type":"if","locations":[{"start":{"line":267,"column":10},"end":{"line":274,"column":11}},{"start":{"line":267,"column":10},"end":{"line":274,"column":11}}],"line":267},"19":{"loc":{"start":{"line":280,"column":11},"end":{"line":284,"column":5}},"type":"if","locations":[{"start":{"line":280,"column":11},"end":{"line":284,"column":5}},{"start":{"line":280,"column":11},"end":{"line":284,"column":5}}],"line":280},"20":{"loc":{"start":{"line":300,"column":20},"end":{"line":300,"column":88}},"type":"cond-expr","locations":[{"start":{"line":300,"column":26},"end":{"line":300,"column":83}},{"start":{"line":300,"column":86},"end":{"line":300,"column":88}}],"line":300},"21":{"loc":{"start":{"line":301,"column":18},"end":{"line":301,"column":45}},"type":"cond-expr","locations":[{"start":{"line":301,"column":30},"end":{"line":301,"column":40}},{"start":{"line":301,"column":43},"end":{"line":301,"column":45}}],"line":301},"22":{"loc":{"start":{"line":306,"column":4},"end":{"line":308,"column":5}},"type":"if","locations":[{"start":{"line":306,"column":4},"end":{"line":308,"column":5}},{"start":{"line":306,"column":4},"end":{"line":308,"column":5}}],"line":306}},"s":{"0":1,"1":1,"2":1,"3":1,"4":1,"5":1,"6":1,"7":0,"8":0,"9":0,"10":0,"11":0,"12":0,"13":0,"14":0,"15":0,"16":0,"17":0,"18":0,"19":0,"20":0,"21":0,"22":0,"23":0,"24":11,"25":11,"26":11,"27":0,"28":0,"29":0,"30":11,"31":0,"32":0,"33":0,"34":0,"35":0,"36":0,"37":0,"38":0,"39":0,"40":0,"41":0,"42":0,"43":0,"44":0,"45":0,"46":0,"47":0,"48":0,"49":0,"50":0,"51":0,"52":58,"53":0,"54":0,"55":58,"56":58,"57":58,"58":0,"59":58,"60":58,"61":58,"62":144,"63":144,"64":144,"65":0,"66":144,"67":323,"68":323,"69":144,"70":144,"71":144,"72":144,"73":144,"74":0,"75":0,"76":0,"77":0,"78":0,"79":0,"80":0,"81":0,"82":0,"83":0,"84":0,"85":0,"86":0,"87":0,"88":0,"89":0,"90":0,"91":0,"92":0,"93":0,"94":0,"95":0,"96":0,"97":0,"98":0,"99":0,"100":0,"101":0,"102":0,"103":0,"104":0,"105":1,"106":1},"f":{"0":0,"1":0,"2":0,"3":11,"4":0,"5":0,"6":0,"7":0,"8":58,"9":144,"10":144,"11":323,"12":144,"13":0,"14":0,"15":0,"16":0,"17":0},"b":{"0":[0,0],"1":[0,0],"2":[0,0],"3":[0,0],"4":[11,0],"5":[0,0],"6":[0,0],"7":[0,0],"8":[0,58],"9":[0,58],"10":[0,144],"11":[144,0],"12":[0,0],"13":[0,0],"14":[0,0],"15":[0,0],"16":[0,0],"17":[0,0],"18":[0,0],"19":[0,0],"20":[0,0],"21":[0,0],"22":[0,0]},"_coverageSchema":"1a1c01bbd47fc00a2c39e90264f33305004495a9","hash":"e0f327fdb6f4d8eb12d6ebb125cf1719547110da","contentHash":"16dc2ae49d078055f006ed94bb9a366ee90516425d016eaec2dab97d3041feed"},"/Users/hu84jr/git/lion3/packages/providence/src/program/utils/async-array-utils.js":{"path":"/Users/hu84jr/git/lion3/packages/providence/src/program/utils/async-array-utils.js","statementMap":{"0":{"start":{"line":9,"column":2},"end":{"line":12,"column":3}},"1":{"start":{"line":9,"column":15},"end":{"line":9,"column":16}},"2":{"start":{"line":11,"column":4},"end":{"line":11,"column":32}},"3":{"start":{"line":22,"column":2},"end":{"line":22,"column":42}},"4":{"start":{"line":32,"column":24},"end":{"line":32,"column":26}},"5":{"start":{"line":33,"column":2},"end":{"line":37,"column":3}},"6":{"start":{"line":33,"column":15},"end":{"line":33,"column":16}},"7":{"start":{"line":35,"column":23},"end":{"line":35,"column":50}},"8":{"start":{"line":36,"column":4},"end":{"line":36,"column":35}},"9":{"start":{"line":38,"column":2},"end":{"line":38,"column":23}},"10":{"start":{"line":41,"column":0},"end":{"line":41,"column":59}}},"fnMap":{"0":{"name":"aForEach","decl":{"start":{"line":8,"column":15},"end":{"line":8,"column":23}},"loc":{"start":{"line":8,"column":41},"end":{"line":13,"column":1}},"line":8},"1":{"name":"aForEachNonSequential","decl":{"start":{"line":21,"column":15},"end":{"line":21,"column":36}},"loc":{"start":{"line":21,"column":54},"end":{"line":23,"column":1}},"line":21},"2":{"name":"aMap","decl":{"start":{"line":31,"column":15},"end":{"line":31,"column":19}},"loc":{"start":{"line":31,"column":37},"end":{"line":39,"column":1}},"line":31}},"branchMap":{},"s":{"0":721,"1":721,"2":1010,"3":0,"4":168,"5":168,"6":168,"7":355,"8":355,"9":168,"10":1},"f":{"0":721,"1":0,"2":168},"b":{},"_coverageSchema":"1a1c01bbd47fc00a2c39e90264f33305004495a9","hash":"c1a5e1ff6b433256e55122d28f469c86de552b5d","contentHash":"83d3a53ee9ed3db53c1634ae04bd23b737145cb6e03101e9b3a8ced3eb203ec1"},"/Users/hu84jr/git/lion3/packages/providence/test-helpers/mock-project-helpers.js":{"path":"/Users/hu84jr/git/lion3/packages/providence/test-helpers/mock-project-helpers.js","statementMap":{"0":{"start":{"line":2,"column":15},"end":{"line":2,"column":33}},"1":{"start":{"line":3,"column":13},"end":{"line":3,"column":28}},"2":{"start":{"line":17,"column":19},"end":{"line":17,"column":57}},"3":{"start":{"line":18,"column":19},"end":{"line":18,"column":58}},"4":{"start":{"line":23,"column":23},"end":{"line":23,"column":25}},"5":{"start":{"line":24,"column":4},"end":{"line":36,"column":5}},"6":{"start":{"line":25,"column":6},"end":{"line":30,"column":13}},"7":{"start":{"line":26,"column":25},"end":{"line":26,"column":85}},"8":{"start":{"line":27,"column":30},"end":{"line":27,"column":62}},"9":{"start":{"line":28,"column":8},"end":{"line":28,"column":34}},"10":{"start":{"line":29,"column":8},"end":{"line":29,"column":19}},"11":{"start":{"line":32,"column":6},"end":{"line":35,"column":9}},"12":{"start":{"line":33,"column":30},"end":{"line":33,"column":55}},"13":{"start":{"line":34,"column":8},"end":{"line":34,"column":47}},"14":{"start":{"line":37,"column":4},"end":{"line":37,"column":24}},"15":{"start":{"line":40,"column":30},"end":{"line":40,"column":32}},"16":{"start":{"line":41,"column":25},"end":{"line":41,"column":82}},"17":{"start":{"line":42,"column":2},"end":{"line":46,"column":3}},"18":{"start":{"line":43,"column":4},"end":{"line":45,"column":6}},"19":{"start":{"line":48,"column":20},"end":{"line":52,"column":3}},"20":{"start":{"line":54,"column":2},"end":{"line":54,"column":20}},"21":{"start":{"line":55,"column":2},"end":{"line":55,"column":19}},"22":{"start":{"line":59,"column":2},"end":{"line":59,"column":19}},"23":{"start":{"line":63,"column":2},"end":{"line":63,"column":40}},"24":{"start":{"line":67,"column":2},"end":{"line":67,"column":33}},"25":{"start":{"line":79,"column":28},"end":{"line":79,"column":82}},"26":{"start":{"line":80,"column":25},"end":{"line":80,"column":73}},"27":{"start":{"line":82,"column":29},"end":{"line":82,"column":71}},"28":{"start":{"line":82,"column":64},"end":{"line":82,"column":70}},"29":{"start":{"line":83,"column":26},"end":{"line":83,"column":68}},"30":{"start":{"line":83,"column":61},"end":{"line":83,"column":67}},"31":{"start":{"line":84,"column":21},"end":{"line":84,"column":56}},"32":{"start":{"line":86,"column":31},"end":{"line":86,"column":73}},"33":{"start":{"line":88,"column":2},"end":{"line":97,"column":3}},"34":{"start":{"line":89,"column":4},"end":{"line":95,"column":8}},"35":{"start":{"line":96,"column":4},"end":{"line":96,"column":43}},"36":{"start":{"line":100,"column":21},"end":{"line":104,"column":4}},"37":{"start":{"line":107,"column":2},"end":{"line":116,"column":4}},"38":{"start":{"line":108,"column":36},"end":{"line":108,"column":42}},"39":{"start":{"line":110,"column":49},"end":{"line":110,"column":55}},"40":{"start":{"line":119,"column":0},"end":{"line":125,"column":2}}},"fnMap":{"0":{"name":"mockProject","decl":{"start":{"line":16,"column":9},"end":{"line":16,"column":20}},"loc":{"start":{"line":16,"column":57},"end":{"line":56,"column":1}},"line":16},"1":{"name":"createFilesObjForFolder","decl":{"start":{"line":22,"column":11},"end":{"line":22,"column":34}},"loc":{"start":{"line":22,"column":42},"end":{"line":38,"column":3}},"line":22},"2":{"name":"(anonymous_2)","decl":{"start":{"line":25,"column":34},"end":{"line":25,"column":35}},"loc":{"start":{"line":25,"column":52},"end":{"line":30,"column":7}},"line":25},"3":{"name":"(anonymous_3)","decl":{"start":{"line":32,"column":33},"end":{"line":32,"column":34}},"loc":{"start":{"line":32,"column":38},"end":{"line":35,"column":7}},"line":32},"4":{"name":"restoreMockedProjects","decl":{"start":{"line":58,"column":9},"end":{"line":58,"column":30}},"loc":{"start":{"line":58,"column":33},"end":{"line":60,"column":1}},"line":58},"5":{"name":"getEntry","decl":{"start":{"line":62,"column":9},"end":{"line":62,"column":17}},"loc":{"start":{"line":62,"column":42},"end":{"line":64,"column":1}},
[...]
ions":[{"start":{"line":181,"column":4},"end":{"line":183,"column":5}},{"start":{"line":181,"column":4},"end":{"line":183,"column":5}}],"line":181},"20":{"loc":{"start":{"line":221,"column":13},"end":{"line":221,"column":39}},"type":"binary-expr","locations":[{"start":{"line":221,"column":13},"end":{"line":221,"column":21}},{"start":{"line":221,"column":25},"end":{"line":221,"column":39}}],"line":221},"21":{"loc":{"start":{"line":223,"column":4},"end":{"line":226,"column":5}},"type":"if","locations":[{"start":{"line":223,"column":4},"end":{"line":226,"column":5}},{"start":{"line":223,"column":4},"end":{"line":226,"column":5}}],"line":223},"22":{"loc":{"start":{"line":237,"column":6},"end":{"line":239,"column":7}},"type":"if","locations":[{"start":{"line":237,"column":6},"end":{"line":239,"column":7}},{"start":{"line":237,"column":6},"end":{"line":239,"column":7}}],"line":237},"23":{"loc":{"start":{"line":242,"column":13},"end":{"line":242,"column":39}},"type":"binary-expr","locations":[{"start":{"line":242,"column":13},"end":{"line":242,"column":21}},{"start":{"line":242,"column":25},"end":{"line":242,"column":39}}],"line":242},"24":{"loc":{"start":{"line":244,"column":4},"end":{"line":247,"column":5}},"type":"if","locations":[{"start":{"line":244,"column":4},"end":{"line":247,"column":5}},{"start":{"line":244,"column":4},"end":{"line":247,"column":5}}],"line":244},"25":{"loc":{"start":{"line":293,"column":8},"end":{"line":299,"column":9}},"type":"if","locations":[{"start":{"line":293,"column":8},"end":{"line":299,"column":9}},{"start":{"line":293,"column":8},"end":{"line":299,"column":9}}],"line":293},"26":{"loc":{"start":{"line":293,"column":12},"end":{"line":293,"column":33}},"type":"binary-expr","locations":[{"start":{"line":293,"column":12},"end":{"line":293,"column":17}},{"start":{"line":293,"column":21},"end":{"line":293,"column":33}}],"line":293},"27":{"loc":{"start":{"line":310,"column":8},"end":{"line":319,"column":9}},"type":"if","locations":[{"start":{"line":310,"column":8},"end":{"line":319,"column":9}},{"start":{"line":310,"column":8},"end":{"line":319,"column":9}}],"line":310},"28":{"loc":{"start":{"line":310,"column":12},"end":{"line":310,"column":37}},"type":"binary-expr","locations":[{"start":{"line":310,"column":12},"end":{"line":310,"column":21}},{"start":{"line":310,"column":25},"end":{"line":310,"column":37}}],"line":310},"29":{"loc":{"start":{"line":321,"column":8},"end":{"line":323,"column":9}},"type":"if","locations":[{"start":{"line":321,"column":8},"end":{"line":323,"column":9}},{"start":{"line":321,"column":8},"end":{"line":323,"column":9}}],"line":321},"30":{"loc":{"start":{"line":321,"column":12},"end":{"line":321,"column":51}},"type":"binary-expr","locations":[{"start":{"line":321,"column":12},"end":{"line":321,"column":32}},{"start":{"line":321,"column":36},"end":{"line":321,"column":51}}],"line":321},"31":{"loc":{"start":{"line":377,"column":16},"end":{"line":377,"column":33}},"type":"default-arg","locations":[{"start":{"line":377,"column":31},"end":{"line":377,"column":33}}],"line":377},"32":{"loc":{"start":{"line":399,"column":4},"end":{"line":401,"column":5}},"type":"if","locations":[{"start":{"line":399,"column":4},"end":{"line":401,"column":5}},{"start":{"line":399,"column":4},"end":{"line":401,"column":5}}],"line":399},"33":{"loc":{"start":{"line":493,"column":4},"end":{"line":495,"column":5}},"type":"if","locations":[{"start":{"line":493,"column":4},"end":{"line":495,"column":5}},{"start":{"line":493,"column":4},"end":{"line":495,"column":5}}],"line":493}},"s":{"0":1,"1":1,"2":1,"3":1,"4":1,"5":4,"6":1,"7":2,"8":2,"9":2,"10":2,"11":2,"12":2,"13":2,"14":0,"15":0,"16":0,"17":2,"18":2,"19":1,"20":15,"21":19,"22":31,"23":0,"24":31,"25":31,"26":31,"27":15,"28":15,"29":15,"30":15,"31":15,"32":9,"33":31,"34":31,"35":15,"36":23,"37":23,"38":3,"39":20,"40":1,"41":23,"42":23,"43":23,"44":61,"45":103,"46":111,"47":33,"48":78,"49":78,"50":50,"51":28,"52":23,"53":5,"54":61,"55":28,"56":23,"57":0,"58":23,"59":23,"60":23,"61":63,"62":81,"63":33,"64":48,"65":4,"66":0,"67":48,"68":63,"69":33,"70":23,"71":33,"72":23,"73":33,"74":23,"75":23,"76":11,"77":15,"78":15,"79":15,"80":11,"81":9,"82":9,"83":2,"84":23,"85":11,"86":15,"87":15,"88":0,"89":15,"90":15,"91":15,"92":11,"93":9,"94":9,"95":2,"96":23,"97":13,"98":13,"99":21,"100":21,"101":21,"102":23,"103":23,"104":23,"105":23,"106":23,"107":23,"108":9,"109":23,"110":23,"111":13,"112":13,"113":13,"114":0,"115":13,"116":13,"117":13,"118":0,"119":13,"120":13,"121":13,"122":13,"123":13,"124":13,"125":13,"126":13,"127":13,"128":13,"129":13,"130":13,"131":13,"132":1,"133":13,"134":1},"f":{"0":1,"1":4,"2":2,"3":2,"4":15,"5":19,"6":31,"7":31,"8":15,"9":23,"10":1,"11":23,"12":61,"13":103,"14":111,"15":63,"16":81,"17":4,"18":33,"19":33,"20":23,"21":11,"22":15,"23":11,"24":15,"25":13,"26":21,"27":21,"28":23,"29":13,"30":0,"31":13},"b":{"0":[2,0],"1":[0,2],"2":[1,1],"3":[0,2],"4":[2,2],"5":[0,31],"6":[15,16],"7":[31,15],"8":[15,0],"9":[9,6],"10":[3,20],"11":[33,78],"12":[50,28],"13":[23,5],"14":[28,33],"15":[0,23],"16":[33,48],"17":[0,48],"18":[48,14],"19":[33,30],"20":[15,10],"21":[9,2],"22":[0,15],"23":[15,14],"24":[9,2],"25":[23,0],"26":[23,23],"27":[9,14],"28":[23,9],"29":[23,0],"30":[23,0],"31":[0],"32":[0,13],"33":[1,12]},"_coverageSchema":"1a1c01bbd47fc00a2c39e90264f33305004495a9","hash":"f9e0ea823bae4fc20a6b0036152393bfd4857210","contentHash":"ffdd7fe483b8ff7a156943948a14d8de0c0c073fd4d6eda0a7c3bae47f10ab98"},"/Users/hu84jr/git/lion3/packages/providence/src/program/analyzers/match-subclasses.js":{"path":"/Users/hu84jr/git/lion3/packages/providence/src/program/analyzers/match-subclasses.js","statementMap":{"0":{"start":{"line":2,"column":28},"end":{"line":2,"column":56}},"1":{"start":{"line":3,"column":28},"end":{"line":3,"column":56}},"2":{"start":{"line":4,"column":21},"end":{"line":4,"column":53}},"3":{"start":{"line":5,"column":42},"end":{"line":5,"column":99}},"4":{"start":{"line":17,"column":2},"end":{"line":17,"column":34}},"5":{"start":{"line":17,"column":27},"end":{"line":17,"column":34}},"6":{"start":{"line":18,"column":23},"end":{"line":20,"column":3}},"7":{"start":{"line":19,"column":9},"end":{"line":19,"column":51}},"8":{"start":{"line":22,"column":20},"end":{"line":22,"column":84}},"9":{"start":{"line":25,"column":16},"end":{"line":25,"column":95}},"10":{"start":{"line":25,"column":65},"end":{"line":25,"column":94}},"11":{"start":{"line":26,"column":2},"end":{"line":29,"column":3}},"12":{"start":{"line":28,"column":4},"end":{"line":28,"column":11}},"13":{"start":{"line":31,"column":24},"end":{"line":31,"column":95}},"14":{"start":{"line":31,"column":56},"end":{"line":31,"column":94}},"15":{"start":{"line":33,"column":18},"end":{"line":35,"column":3}},"16":{"start":{"line":34,"column":4},"end":{"line":34,"column":69}},"17":{"start":{"line":34,"column":53},"end":{"line":34,"column":68}},"18":{"start":{"line":36,"column":16},"end":{"line":38,"column":3}},"19":{"start":{"line":37,"column":4},"end":{"line":37,"column":69}},"20":{"start":{"line":37,"column":53},"end":{"line":37,"column":68}},"21":{"start":{"line":41,"column":2},"end":{"line":41,"column":28}},"22":{"start":{"line":51,"column":2},"end":{"line":54,"column":3}},"23":{"start":{"line":53,"column":4},"end":{"line":53,"column":36}},"24":{"start":{"line":56,"column":2},"end":{"line":56,"column":100}},"25":{"start":{"line":72,"column":14},"end":{"line":74,"column":3}},"26":{"start":{"line":92,"column":21},"end":{"line":92,"column":23}},"27":{"start":{"line":94,"column":2},"end":{"line":177,"column":5}},"28":{"start":{"line":95,"column":30},"end":{"line":95,"column":78}},"29":{"start":{"line":96,"column":31},"end":{"line":96,"column":53}},"30":{"start":{"line":99,"column":4},"end":{"line":176,"column":7}},"31":{"start":{"line":100,"column":6},"end":{"line":102,"column":7}},"32":{"start":{"line":101,"column":8},"end":{"line":101,"column":15}},"33":{"start":{"line":104,"column":6},"end":{"line":175,"column":9}},"34":{"start":{"line":107,"column":36},"end":{"line":107,"column":45}},"35":{"start":{"line":108,"column":25},"end":{"line":108,"column":89}},"36":{"start":{"line":111,"column":30},"end":{"line":111,"column":89}},"37":{"start":{"line":112,"column":8},"end":{"line":173,"column":10}},"38":{"start":{"line":113,"column":10},"end":{"line":172,"column":12}},"39":{"start":{"line":130,"column":14},"end":{"line":133,"column":15}},"40":{"start":{"line":132,"column":25},"end":{"line":132,"column":69}},"41":{"start":{"line":137,"column":12},"end":{"line":139,"column":13}},"42":{"start":{"line":138,"column":14},"end":{"line":138,"column":21}},"43":{"start":{"line":152,"column":14},"end":{"line":157,"column":16}},"44":{"start":{"line":159,"column":12},"end":{"line":171,"column":13}},"45":{"start":{"line":160,"column":38},"end":{"line":166,"column":15}},"46":{"start":{"line":167,"column":14},"end":{"line":170,"column":17}},"47":{"start":{"line":174,"column":8},"end":{"line":174,"column":81}},"48":{"start":{"line":207,"column":23},"end":{"line":240,"column":57}},"49":{"start":{"line":209,"column":55},"end":{"line":209,"column":69}},"50":{"start":{"line":210,"column":23},"end":{"line":210,"column":33}},"51":{"start":{"line":212,"column":30},"end":{"line":218,"column":7}},"52":{"start":{"line":223,"column":32},"end":{"line":223,"column":34}},"53":{"start":{"line":224,"column":6},"end":{"line":233,"column":9}},"54":{"start":{"line":226,"column":44},"end":{"line":226,"column":69}},"55":{"start":{"line":227,"column":27},"end":{"line":227,"column":77}},"56":{"start":{"line":227,"column":55},"end":{"line":227,"column":76}},"57":{"start":{"line":228,"column":8},"end":{"line":231,"column":9}},"58":{"start":{"line":229,"column":10},"end":{"line":229,"column":57}},"59":{"start":{"line":230,"column":10},"end":{"line":230,"column":73}},"60":{"start":{"line":232,"column":8},"end":{"line":232,"column":71}},"61":{"start":{"line":235,"column":6},"end":{"line":238,"column":8}},"62":{"start":{"line":240,"column":17},"end":{"line":240,"column":56}},"63":{"start":{"line":242,"column":2},"end":{"line":242,"column":52}},"64":{"start":{"line":254,"column":4},"end":{"line":254,"column":12}},"65":{"start":{"line":255,"column":4},"end":{"line":255,"column":35}},"66":{"start":{"line":259,"column":4},"end":{"line":259,"column":16}},"67":{"start":{"line":279,"column":16},"end":{"line":285,"column":5}},"68":{"start":{"line":290,"column":27},"end":{"line":290,"column":45}},"69":{"start":{"line":291,"column":4},"end":{"line":293,"column":5}},"70":{"start":{"line":292,"column":6},"end":{"line":292,"column":28}},"71":{"start":{"line":298,"column":32},"end":{"line":298,"column":57}},"72":{"start":{"line":300,"column":34},"end":{"line":303,"column":6}},"73":{"start":{"line":304,"column":32},"end":{"line":304,"column":57}},"74":{"start":{"line":306,"column":40},"end":{"line":308,"column":6}},"75":{"start":{"line":309,"column":35},"end":{"line":309,"column":60}},"76":{"start":{"line":311,"column":37},"end":{"line":314,"column":6}},"77":{"start":{"line":316,"column":24},"end":{"line":321,"column":5}},"78":{"start":{"line":326,"column":4},"end":{"line":326,"column":44}},"79":{"start":{"line":330,"column":0},"end":{"line":330,"column":41}}},"fnMap":{"0":{"name":"getMemberOverrides","decl":{"start":{"line":10,"column":9},"end":{"line":10,"column":27}},"loc":{"start":{"line":16,"column":2},"end":{"line":42,"column":1}},"line":16},"1":{"name":"(anonymous_1)","decl":{"start":{"line":19,"column":4},"end":{"line":19,"column":5}},"loc":{"start":{"line":19,"column":9},"end":{"line":19,"column":51}},"line":19},"2":{"name":"(anonymous_2)","decl":{"start":{"line":25,"column":51},"end":{"line":25,"column":52}},"loc":{"start":{"line":25,"column":65},"end":{"line":25,"column":94}},"line":25},"3":{"name":"(anonymous_3)","decl":{"start":{"line":31,"column":42},"end":{"line":31,"column":43}},"loc":{"start":{"line":31,"column":56},"end":{"line":31,"column":94}},"line":31},"4":{"name":"(anonymous_4)","decl":{"start":{"line":33,"column":52},"end":{"line":33,"column":53}},"loc":{"start":{"line":34,"column":4},"end":{"line":34,"column":69}},"line":34},"5":{"name":"(anonymous_5)","decl":{"start":{"line":34,"column":39},"end":{"line":34,"column":40}},"loc":{"start":{"line":34,"column":53},"end":{"line":34,"column":68}},"line":34},"6":{"name":"(anonymous_6)","decl":{"start":{"line":36,"column":50},"end":{"line":36,"column":51}},"loc":{"start":{"line":37,"column":4},"end":{"line":37,"column":69}},"line":37},"7":{"name":"(anonymous_7)","decl":{"start":{"line":37,"column":39},"end":{"line":37,"column":40}},"loc":{"start":{"line":37,"column":53},"end":{"line":37,"column":68}},"line":37},"8":{"name":"storeResult","decl":{"start":{"line":50,"column":9},"end":{"line":50,"column":20}},"loc":{"start":{"line":50,"column":63},"end":{"line":57,"column":1}},"line":50},"9":{"name":"matchSubclassesPostprocess","decl":{"start":{"line":66,"column":9},"end":{"line":66,"column":35}},"loc":{"start":{"line":71,"column":2},"end":{"line":243,"column":1}},"line":71},"10":{"name":"(anonymous_10)","decl":{"start":{"line":94,"column":44},"end":{"line":94,"column":45}},"loc":{"start":{"line":94,"column":59},"end":{"line":177,"column":3}},"line":94},"11":{"name":"(anonymous_11)","decl":{"start":{"line":99,"column":31},"end":{"line":99,"column":32}},"loc":{"start":{"line":99,"column":52},"end":{"line":176,"column":5}},"line":99},"12":{"name":"(anonymous_12)","decl":{"start":{"line":104,"column":49},"end":{"line":104,"column":50}},"loc":{"start":{"line":104,"column":68},"end":{"line":175,"column":7}},"line":104},"13":{"name":"(anonymous_13)","decl":{"start":{"line":112,"column":56},"end":{"line":112,"column":57}},"loc":{"start":{"line":113,"column":10},"end":{"line":172,"column":12}},"line":113},"14":{"name":"(anonymous_14)","decl":{"start":{"line":113,"column":25},"end":{"line":113,"column":26}},"loc":{"start":{"line":113,"column":45},"end":{"line":172,"column":11}},"line":113},"15":{"name":"(anonymous_15)","decl":{"start":{"line":132,"column":16},"end":{"line":132,"column":17}},"loc":{"start":{"line":132,"column":25},"end":{"line":132,"column":69}},"line":132},"16":{"name":"(anonymous_16)","decl":{"start":{"line":208,"column":9},"end":{"line":208,"column":10}},"loc":{"start":{"line":208,"column":31},"end":{"line":239,"column":5}},"line":208},"17":{"name":"(anonymous_17)","decl":{"start":{"line":224,"column":31},"end":{"line":224,"column":32}},"loc":{"start":{"line":224,"column":71},"end":{"line":233,"column":7}},"line":224},"18":{"name":"(anonymous_18)","decl":{"start":{"line":227,"column":50},"end":{"line":227,"column":51}},"loc":{"start":{"line":227,"column":55},"end":{"line":227,"column":76}},"line":227},"19":{"name":"(anonymous_19)","decl":{"start":{"line":240,"column":12},"end":{"line":240,"column":13}},"loc":{"start":{"line":240,"column":17},"end":{"line":240,"column":56}},"line":240},"20":{"name":"(anonymous_20)","decl":{"start":{"line":253,"column":2},"end":{"line":253,"column":3}},"loc":{"start":{"line":253,"column":16},"end":{"line":256,"column":3}},"line":253},"21":{"name":"(anonymous_21)","decl":{"start":{"line":258,"column":2},"end":{"line":258,"column":3}},"loc":{"start":{"line":258,"column":33},"end":{"line":260,"column":3}},"line":258},"22":{"name":"(anonymous_22)","decl":{"start":{"line":268,"column":2},"end":{"line":268,"column":3}},"loc":{"start":{"line":268,"column":35},"end":{"line":327,"column":3}},"line":268}},"branchMap":{"0":{"loc":{"start":{"line":17,"column":2},"end":{"line":17,"column":34}},"type":"if","locations":[{"start":{"line":17,"column":2},"end":{"line":17,"column":34}},{"start":{"line":17,"column":2},"end":{"line":17,"column":34}}],"line":17},"1":{"loc":{"start":{"line":22,"column":20},"end":{"line":22,"column":84}},"type":"cond-expr","locations":[{"start":{"line":22,"column":52},"end":{"line":22,"column":68}},{"start":{"line":22,"column":71},"end":{"line":22,"column":84}}],"line":22},"2":{"loc":{"start":{"line":26,"column":2},"end":{"line":29,"column":3}},"type":"if","locations":[{"start":{"line":26,"column":2},"end":{"line":29,"column":3}},{"start":{"line":26,"column":2},"end":{"line":29,"column":3}}],"line":26},"3":{"loc":{"start":{"line":51,"column":2},"end":{"line":54,"column":3}},"type":"if","locations":[{"start":{"line":51,"column":2},"end":{"line":54,"column":3}},{"start":{"line":51,"column":2},"end":{"line":54,"column":3}}],"line":51},"4":{"loc":{"start":{"line":56,"column":36},"end":{"line":56,"column":68}},"type":"binary-expr","locations":[{"start":{"line":56,"column":36},"end":{"line":56,"column":62}},{"start":{"line":56,"column":66},"end":{"line":56,"column":68}}],"line":56},"5":{"loc":{"start":{"line":100,"column":6},"end":{"line":102,"column":7}},"type":"if","locations":[{"start":{"line":100,"column":6},"end":{"line":102,"column":7}},{"start":{"line":100,"column":6},"end":{"line":102,"column":7}}],"line":100},"6":{"loc":{"start":{"line":130,"column":14},"end":{"line":133,"column":15}},"type":"binary-expr","locations":[{"start":{"line":130,"column":14},"end":{"line":130,"column":43}},{"start":{"line":131,"column":14},"end":{"line":133,"column":15}}],"line":130},"7":{"loc":{"start":{"line":137,"column":12},"end":{"line":139,"column":13}},"type":"if","locations":[{"start":{"line":137,"column":12},"end":{"line":139,"column":13}},{"start":{"line":137,"column":12},"end":{"line":139,"column":13}}],"line":137},"8":{"loc":{"start":{"line":159,"column":12},"end":{"line":171,"column":13}},"type":"if","locations":[{"start":{"line":159,"column":12},"end":{"line":171,"column":13}},{"start":{"line":159,"column":12},"end":{"line":171,"column":13}}],"line":159},"9":{"loc":{"start":{"line":159,"column":16},"end":{"line":159,"column":46}},"type":"binary-expr","locations":[{"start":{"line":159,"column":16},"end":{"line":159,"column":26}},{"start":{"line":159,"column":30},"end":{"line":159,"column":46}}],"line":159},"10":{"loc":{"start":{"line":217,"column":12},"end":{"line":217,"column":22}},"type":"binary-expr","locations":[{"start":{"line":217,"column":12},"end":{"line":217,"column":16}},{"start":{"line":217,"column":20},"end":{"line":217,"column":22}}],"line":217},"11":{"loc":{"start":{"line":228,"column":8},"end":{"line":231,"column":9}},"type":"if","locations":[{"start":{"line":228,"column":8},"end":{"line":231,"column":9}},{"start":{"line":228,"column":8},"end":{"line":231,"column":9}}],"line":228},"12":{"loc":{"start":{"line":268,"column":16},"end":{"line":268,"column":33}},"type":"default-arg","locations":[{"start":{"line":268,"column":31},"end":{"line":268,"column":33}}],"line":268},"13":{"loc":{"start":{"line":291,"column":4},"end":{"line":293,"column":5}},"type":"if","locations":[{"start":{"line":291,"column":4},"end":{"line":293,"column":5}},{"start":{"line":291,"column":4},"end":{"line":293,"column":5}}],"line":291}},"s":{"0":1,"1":1,"2":1,"3":1,"4":33,"5":33,"6":0,"7":0,"8":0,"9":0,"10":0,"11":0,"12":0,"13":0,"14":0,"15":0,"16":0,"17":0,"18":0,"19":0,"20":0,"21":0,"22":80,"23":80,"24":80,"25":15,"26":15,"27":15,"28":37,"29":37,"30":37,"31":76,"32":0,"33":76,"34":80,"35":80,"36":80,"37":80,"38":145,"39":190,"40":216,"41":190,"42":145,"43":45,"44":45,"45":33,"46":33,"47":80,"48":15,"49":80,"50":80,"51":80,"52":80,"53":80,"54":33,"55":33,"56":4,"57":33,"58":29,"59":29,"60":33,"61":80,"62":80,"63":15,"64":15,"65":15,"66":0,"67":15,"68":15,"69":15,"70":0,"71":15,"72":15,"73":15,"74":15,"75":15,"76":15,"77":15,"78":15,"79":1},"f":{"0":33,"1":0,"2":0,"3":0,"4":0,"5":0,"6":0,"7":0,"8":80,"9":15,"10":37,"11":76,"12":80,"13":145,"14":190,"15":216,"16":80,"17":33,"18":4,"19":80,"20":15,"21":0,"22":15},"b":{"0":[33,0],"1":[0,0],"2":[0,0],"3":[80,0],"4":[80,80],"5":[0,76],"6":[190,190],"7":[145,45],"8":[33,12],"9":[45,45],"10":[80,80],"11":[29,4],"12":[0],"13":[0,15]},"_coverageSchema":"1a1c01bbd47fc00a2c39e90264f33305004495a9","hash":"984f21da96d7301d9e2fb12212cbc122a88a7468","contentHash":"1f1bcbdbddd1344a24f9466c293d18af90a2aabafb892e51d74eed79ae7f501c"}}